2023-09-17 10:00:09,735 [INFO] Activator:177 - 


2023-09-17 10:00:09,736 [INFO] Activator:178 - !SESSION log4j initialized
2023-09-17 10:00:19,820 [INFO] McuFinderGlobals:39 - Set McuFinder mode to 2 (CubeIDE integrated)
2023-09-17 10:00:20,077 [INFO] ApplicationProperties:181 - Using Application install path: C:\ST\STM32CubeIDE_1.7.0\STM32CubeIDE\plugins\com.st.stm32cube.common.mx_6.3.0.202107141111
2023-09-17 10:00:20,090 [INFO] DbMcusXml:74 - Set database path to: C:\ST\STM32CubeIDE_1.7.0\STM32CubeIDE\plugins\com.st.stm32cube.common.mx_6.3.0.202107141111\\db\/mcu/
2023-09-17 10:00:20,096 [INFO] DbBoardsPdsc:56 - Set plugin database path to: C:\ST\STM32CubeIDE_1.7.0\STM32CubeIDE\plugins\com.st.stm32cube.common.mx_6.3.0.202107141111\\db\/plugins/boardmanager/
2023-09-17 10:00:20,097 [INFO] DbMcus:258 - Set plugin images path to: C:\ST\STM32CubeIDE_1.7.0\STM32CubeIDE\plugins\com.st.stm32cube.common.mx_6.3.0.202107141111\\db\/plugins/mcufinder/images/
2023-09-17 10:00:20,097 [INFO] DbBoards:264 - Set plugin images path to: C:\ST\STM32CubeIDE_1.7.0\STM32CubeIDE\plugins\com.st.stm32cube.common.mx_6.3.0.202107141111\\db\/plugins/mcufinder/images/
2023-09-17 10:00:20,101 [INFO] DbExamples:333 - Set plugin images path to: C:\ST\STM32CubeIDE_1.7.0\STM32CubeIDE\plugins\com.st.stm32cube.common.mx_6.3.0.202107141111\\db\/plugins/mcufinder/images/
2023-09-17 10:00:20,108 [INFO] DbMcusAds:119 - Set database path to: C:\Users\Heathcliff\.stmcufinder\plugins\mcufinder//mcu/
2023-09-17 10:00:20,109 [INFO] DbMcusDocs:110 - Set database path to: C:\Users\Heathcliff\.stmcufinder\plugins\mcufinder//mcu/
2023-09-17 10:00:20,111 [INFO] DbMcusJson:64 - Set database path to: C:\Users\Heathcliff\.stmcufinder\plugins\mcufinder//mcu/
2023-09-17 10:00:20,112 [INFO] DbBoardsDocs:110 - Set database path to: C:\Users\Heathcliff\.stmcufinder\plugins\mcufinder//mcu/
2023-09-17 10:00:20,113 [INFO] DbBoardsJson:57 - Set database path to: C:\Users\Heathcliff\.stmcufinder\plugins\mcufinder//mcu/
2023-09-17 10:00:20,116 [INFO] CrossReferenceDbSqlite:196 - Set database path to: C:\Users\Heathcliff\.stmcufinder\plugins\mcufinder//mcu/cs/
2023-09-17 10:00:20,119 [INFO] DbExamplesSqlite:767 - Set database path to: C:\Users\Heathcliff\.stmcufinder\plugins\mcufinder//mcu/
2023-09-17 10:00:20,206 [INFO] RulesReader:57 - Compatibility file has been processed (242 Rules)
2023-09-17 10:00:20,280 [INFO] DbMcusXml:74 - Set database path to: C:\ST\STM32CubeIDE_1.7.0\STM32CubeIDE\plugins\com.st.stm32cube.common.mx_6.3.0.202107141111\\db\/mcu/
2023-09-17 10:00:20,281 [INFO] DbBoardsPdsc:56 - Set plugin database path to: C:\ST\STM32CubeIDE_1.7.0\STM32CubeIDE\plugins\com.st.stm32cube.common.mx_6.3.0.202107141111\\db\/plugins/boardmanager/
2023-09-17 10:00:20,281 [INFO] DbMcus:258 - Set plugin images path to: C:\ST\STM32CubeIDE_1.7.0\STM32CubeIDE\plugins\com.st.stm32cube.common.mx_6.3.0.202107141111\\db\/plugins/mcufinder/images/
2023-09-17 10:00:20,281 [INFO] DbBoards:264 - Set plugin images path to: C:\ST\STM32CubeIDE_1.7.0\STM32CubeIDE\plugins\com.st.stm32cube.common.mx_6.3.0.202107141111\\db\/plugins/mcufinder/images/
2023-09-17 10:00:20,281 [INFO] DbExamples:333 - Set plugin images path to: C:\ST\STM32CubeIDE_1.7.0\STM32CubeIDE\plugins\com.st.stm32cube.common.mx_6.3.0.202107141111\\db\/plugins/mcufinder/images/
2023-09-17 10:00:20,281 [WARN] DbFile:35 - Overriding database path with different value: C:\Users\Heathcliff\.stmcufinder\plugins\mcufinder/ => C:\Users\Heathcliff\.stmcufinder\plugins\mcufinder
2023-09-17 10:00:20,281 [INFO] DbMcusAds:119 - Set database path to: C:\Users\Heathcliff\.stmcufinder\plugins\mcufinder//mcu/
2023-09-17 10:00:20,281 [WARN] DbFile:35 - Overriding database path with different value: C:\Users\Heathcliff\.stmcufinder\plugins\mcufinder/ => C:\Users\Heathcliff\.stmcufinder\plugins\mcufinder
2023-09-17 10:00:20,281 [INFO] DbMcusDocs:110 - Set database path to: C:\Users\Heathcliff\.stmcufinder\plugins\mcufinder//mcu/
2023-09-17 10:00:20,281 [WARN] DbFile:35 - Overriding database path with different value: C:\Users\Heathcliff\.stmcufinder\plugins\mcufinder/ => C:\Users\Heathcliff\.stmcufinder\plugins\mcufinder
2023-09-17 10:00:20,281 [INFO] DbMcusJson:64 - Set database path to: C:\Users\Heathcliff\.stmcufinder\plugins\mcufinder//mcu/
2023-09-17 10:00:20,281 [WARN] DbFile:35 - Overriding database path with different value: C:\Users\Heathcliff\.stmcufinder\plugins\mcufinder/ => C:\Users\Heathcliff\.stmcufinder\plugins\mcufinder
2023-09-17 10:00:20,281 [INFO] DbBoardsDocs:110 - Set database path to: C:\Users\Heathcliff\.stmcufinder\plugins\mcufinder//mcu/
2023-09-17 10:00:20,281 [WARN] DbFile:35 - Overriding database path with different value: C:\Users\Heathcliff\.stmcufinder\plugins\mcufinder/ => C:\Users\Heathcliff\.stmcufinder\plugins\mcufinder
2023-09-17 10:00:20,281 [INFO] DbBoardsJson:57 - Set database path to: C:\Users\Heathcliff\.stmcufinder\plugins\mcufinder//mcu/
2023-09-17 10:00:20,282 [WARN] DbFile:35 - Overriding database path with different value: C:\Users\Heathcliff\.stmcufinder\plugins\mcufinder/ => C:\Users\Heathcliff\.stmcufinder\plugins\mcufinder
2023-09-17 10:00:20,282 [WARN] DbFile:35 - Overriding database path with different value: C:\Users\Heathcliff\.stmcufinder\plugins\mcufinder/ => C:\Users\Heathcliff\.stmcufinder\plugins\mcufinder
2023-09-17 10:00:20,282 [INFO] CrossReferenceDbSqlite:196 - Set database path to: C:\Users\Heathcliff\.stmcufinder\plugins\mcufinder//mcu/cs/
2023-09-17 10:00:20,282 [WARN] DbFile:35 - Overriding database path with different value: C:\Users\Heathcliff\.stmcufinder\plugins\mcufinder/ => C:\Users\Heathcliff\.stmcufinder\plugins\mcufinder
2023-09-17 10:00:20,282 [INFO] DbExamplesSqlite:767 - Set database path to: C:\Users\Heathcliff\.stmcufinder\plugins\mcufinder//mcu/
2023-09-17 10:00:20,334 [INFO] MainPanel:214 - HeapMemory: 268435456
2023-09-17 10:00:20,427 [INFO] DbMcusXml:74 - Set database path to: C:\ST\STM32CubeIDE_1.7.0\STM32CubeIDE\plugins\com.st.stm32cube.common.mx_6.3.0.202107141111\\db\/mcu/
2023-09-17 10:00:20,427 [INFO] DbBoardsPdsc:56 - Set plugin database path to: C:\ST\STM32CubeIDE_1.7.0\STM32CubeIDE\plugins\com.st.stm32cube.common.mx_6.3.0.202107141111\\db\/plugins/boardmanager/
2023-09-17 10:00:20,427 [INFO] DbMcus:258 - Set plugin images path to: C:\ST\STM32CubeIDE_1.7.0\STM32CubeIDE\plugins\com.st.stm32cube.common.mx_6.3.0.202107141111\\db\/plugins/mcufinder/images/
2023-09-17 10:00:20,427 [INFO] DbBoards:264 - Set plugin images path to: C:\ST\STM32CubeIDE_1.7.0\STM32CubeIDE\plugins\com.st.stm32cube.common.mx_6.3.0.202107141111\\db\/plugins/mcufinder/images/
2023-09-17 10:00:20,427 [INFO] DbExamples:333 - Set plugin images path to: C:\ST\STM32CubeIDE_1.7.0\STM32CubeIDE\plugins\com.st.stm32cube.common.mx_6.3.0.202107141111\\db\/plugins/mcufinder/images/
2023-09-17 10:00:20,427 [WARN] DbFile:35 - Overriding database path with different value: C:\Users\Heathcliff\.stmcufinder\plugins\mcufinder/ => C:\Users\Heathcliff\.stmcufinder\plugins\mcufinder
2023-09-17 10:00:20,428 [INFO] DbMcusAds:119 - Set database path to: C:\Users\Heathcliff\.stmcufinder\plugins\mcufinder//mcu/
2023-09-17 10:00:20,428 [WARN] DbFile:35 - Overriding database path with different value: C:\Users\Heathcliff\.stmcufinder\plugins\mcufinder/ => C:\Users\Heathcliff\.stmcufinder\plugins\mcufinder
2023-09-17 10:00:20,428 [INFO] DbMcusDocs:110 - Set database path to: C:\Users\Heathcliff\.stmcufinder\plugins\mcufinder//mcu/
2023-09-17 10:00:20,428 [WARN] DbFile:35 - Overriding database path with different value: C:\Users\Heathcliff\.stmcufinder\plugins\mcufinder/ => C:\Users\Heathcliff\.stmcufinder\plugins\mcufinder
2023-09-17 10:00:20,428 [INFO] DbMcusJson:64 - Set database path to: C:\Users\Heathcliff\.stmcufinder\plugins\mcufinder//mcu/
2023-09-17 10:00:20,428 [WARN] DbFile:35 - Overriding database path with different value: C:\Users\Heathcliff\.stmcufinder\plugins\mcufinder/ => C:\Users\Heathcliff\.stmcufinder\plugins\mcufinder
2023-09-17 10:00:20,428 [INFO] DbBoardsDocs:110 - Set database path to: C:\Users\Heathcliff\.stmcufinder\plugins\mcufinder//mcu/
2023-09-17 10:00:20,428 [WARN] DbFile:35 - Overriding database path with different value: C:\Users\Heathcliff\.stmcufinder\plugins\mcufinder/ => C:\Users\Heathcliff\.stmcufinder\plugins\mcufinder
2023-09-17 10:00:20,428 [INFO] DbBoardsJson:57 - Set database path to: C:\Users\Heathcliff\.stmcufinder\plugins\mcufinder//mcu/
2023-09-17 10:00:20,428 [WARN] DbFile:35 - Overriding database path with different value: C:\Users\Heathcliff\.stmcufinder\plugins\mcufinder/ => C:\Users\Heathcliff\.stmcufinder\plugins\mcufinder
2023-09-17 10:00:20,428 [WARN] DbFile:35 - Overriding database path with different value: C:\Users\Heathcliff\.stmcufinder\plugins\mcufinder/ => C:\Users\Heathcliff\.stmcufinder\plugins\mcufinder
2023-09-17 10:00:20,428 [INFO] CrossReferenceDbSqlite:196 - Set database path to: C:\Users\Heathcliff\.stmcufinder\plugins\mcufinder//mcu/cs/
2023-09-17 10:00:20,428 [WARN] DbFile:35 - Overriding database path with different value: C:\Users\Heathcliff\.stmcufinder\plugins\mcufinder/ => C:\Users\Heathcliff\.stmcufinder\plugins\mcufinder
2023-09-17 10:00:20,428 [INFO] DbExamplesSqlite:767 - Set database path to: C:\Users\Heathcliff\.stmcufinder\plugins\mcufinder//mcu/
2023-09-17 10:00:20,444 [INFO] ApplicationProperties:181 - Using Application install path: C:\ST\STM32CubeIDE_1.7.0\STM32CubeIDE\plugins\com.st.stm32cube.common.mx_6.3.0.202107141111
2023-09-17 10:00:20,445 [INFO] PluginManage:188 - Search for loadable plugins [exclusion list=, ]
2023-09-17 10:00:20,446 [INFO] PluginManage:302 - Check plugin analytics
2023-09-17 10:00:20,557 [INFO] AnalyticsPlugin:257 - Accepted Software Licenses: 
2023-09-17 10:00:20,558 [INFO] AnalyticsPlugin:259 - Accepted CMSIS Pack Licenses: 
2023-09-17 10:00:20,558 [INFO] AnalyticsPlugin:261 - Accepted Firmware Licenses: 
2023-09-17 10:00:20,558 [INFO] PluginManage:352 - Loaded plugin analytics (category:tool,tabindex:-1)
2023-09-17 10:00:20,559 [INFO] PluginManage:302 - Check plugin clock
2023-09-17 10:00:20,592 [INFO] PluginManage:352 - Loaded plugin clock (category:base,tabindex:2)
2023-09-17 10:00:20,592 [INFO] PluginManage:302 - Check plugin ddr
2023-09-17 10:00:20,594 [INFO] PluginManage:352 - Loaded plugin ddr (category:tool,tabindex:6)
2023-09-17 10:00:20,595 [INFO] PluginManage:302 - Check plugin filemanager
2023-09-17 10:00:20,691 [INFO] PluginManage:352 - Loaded plugin filemanager (category:base,tabindex:10)
2023-09-17 10:00:20,691 [INFO] PluginManage:302 - Check plugin ipmanager
2023-09-17 10:00:20,698 [INFO] PluginManage:352 - Loaded plugin ipmanager (category:base,tabindex:5)
2023-09-17 10:00:20,699 [INFO] PluginManage:302 - Check plugin pinoutandconfiguration
2023-09-17 10:00:20,715 [INFO] PluginManage:352 - Loaded plugin pinoutandconfiguration (category:base,tabindex:1)
2023-09-17 10:00:20,715 [INFO] PluginManage:302 - Check plugin pinoutconfig
2023-09-17 10:00:20,745 [INFO] PluginManage:352 - Loaded plugin pinoutconfig (category:base,tabindex:0)
2023-09-17 10:00:20,745 [INFO] PluginManage:302 - Check plugin power
2023-09-17 10:00:20,760 [INFO] PluginManage:352 - Loaded plugin power (category:power,tabindex:4)
2023-09-17 10:00:20,761 [INFO] PluginManage:302 - Check plugin projectmanager
2023-09-17 10:00:20,773 [INFO] PluginManage:352 - Loaded plugin projectmanager (category:projectmanager,tabindex:3)
2023-09-17 10:00:20,773 [INFO] PluginManage:302 - Check plugin thirdparty
2023-09-17 10:00:20,952 [INFO] PluginManage:352 - Loaded plugin thirdparty (category:base,tabindex:-1)
2023-09-17 10:00:20,952 [INFO] PluginManage:302 - Check plugin tools
2023-09-17 10:00:20,952 [WARN] IntegrityCheckThread:78 - waiting for thirdparty lock release [integrity check]
2023-09-17 10:00:20,953 [INFO] IntegrityCheckThread:80 - entering critical section [integrity check]
2023-09-17 10:00:20,953 [INFO] ThirdPartyUpdaterWithRetryManager:66 - Updater plugin not ready yet. [1/15]
2023-09-17 10:00:20,996 [INFO] PluginManage:352 - Loaded plugin tools (category:base,tabindex:7)
2023-09-17 10:00:20,996 [INFO] PluginManage:302 - Check plugin tutovideos
2023-09-17 10:00:21,170 [INFO] PluginManage:352 - Loaded plugin tutovideos (category:base,tabindex:-1)
2023-09-17 10:00:21,171 [INFO] PluginManage:302 - Check plugin updater
2023-09-17 10:00:21,180 [INFO] PluginManage:352 - Loaded plugin updater (category:base,tabindex:12)
2023-09-17 10:00:21,181 [INFO] PluginManage:275 - PluginManage : Loaded plugins [13]
2023-09-17 10:00:21,338 [INFO] PinOutPanel:1463 - setPackage(No Configuration,No Configuration)
2023-09-17 10:00:21,416 [INFO] IPUIPlugin:74 - create IPUIPlugin
2023-09-17 10:00:21,416 [INFO] PluginManager:213 - loadIPPluginJar : add adc
2023-09-17 10:00:21,451 [INFO] IPUIPlugin:74 - create IPUIPlugin
2023-09-17 10:00:21,451 [INFO] PluginManager:213 - loadIPPluginJar : add aes
2023-09-17 10:00:21,487 [INFO] IPUIPlugin:74 - create IPUIPlugin
2023-09-17 10:00:21,487 [INFO] PluginManager:213 - loadIPPluginJar : add can
2023-09-17 10:00:21,511 [INFO] IPUIPlugin:74 - create IPUIPlugin
2023-09-17 10:00:21,511 [INFO] PluginManager:213 - loadIPPluginJar : add comp
2023-09-17 10:00:21,539 [INFO] IPUIPlugin:74 - create IPUIPlugin
2023-09-17 10:00:21,539 [INFO] PluginManager:213 - loadIPPluginJar : add cryp
2023-09-17 10:00:21,569 [INFO] IPUIPlugin:74 - create IPUIPlugin
2023-09-17 10:00:21,569 [INFO] PluginManager:213 - loadIPPluginJar : add dfsdm
2023-09-17 10:00:21,582 [INFO] IPUIPlugin:74 - create IPUIPlugin
2023-09-17 10:00:21,582 [INFO] PluginManager:213 - loadIPPluginJar : add dma
2023-09-17 10:00:21,621 [INFO] IPUIPlugin:74 - create IPUIPlugin
2023-09-17 10:00:21,621 [INFO] PluginManager:213 - loadIPPluginJar : add dma3
2023-09-17 10:00:21,644 [INFO] IPUIPlugin:74 - create IPUIPlugin
2023-09-17 10:00:21,644 [INFO] PluginManager:213 - loadIPPluginJar : add fatfs
2023-09-17 10:00:21,689 [INFO] IPUIPlugin:74 - create IPUIPlugin
2023-09-17 10:00:21,689 [INFO] PluginManager:213 - loadIPPluginJar : add fmc
2023-09-17 10:00:21,702 [INFO] IPUIPlugin:74 - create IPUIPlugin
2023-09-17 10:00:21,702 [INFO] PluginManager:213 - loadIPPluginJar : add freertos
2023-09-17 10:00:21,725 [INFO] IPUIPlugin:74 - create IPUIPlugin
2023-09-17 10:00:21,725 [INFO] PluginManager:213 - loadIPPluginJar : add genericplugin
2023-09-17 10:00:21,795 [INFO] IPUIPlugin:74 - create IPUIPlugin
2023-09-17 10:00:21,795 [INFO] PluginManager:213 - loadIPPluginJar : add gfxmmu
2023-09-17 10:00:21,894 [INFO] IPUIPlugin:74 - create IPUIPlugin
2023-09-17 10:00:21,894 [INFO] PluginManager:213 - loadIPPluginJar : add gic
2023-09-17 10:00:21,904 [INFO] IPUIPlugin:74 - create IPUIPlugin
2023-09-17 10:00:21,905 [INFO] PluginManager:213 - loadIPPluginJar : add gpio
2023-09-17 10:00:21,963 [INFO] IPUIPlugin:74 - create IPUIPlugin
2023-09-17 10:00:21,963 [INFO] PluginManager:213 - loadIPPluginJar : add gtzc
2023-09-17 10:00:21,991 [INFO] IPUIPlugin:74 - create IPUIPlugin
2023-09-17 10:00:21,991 [INFO] PluginManager:213 - loadIPPluginJar : add hash
2023-09-17 10:00:22,035 [INFO] IPUIPlugin:74 - create IPUIPlugin
2023-09-17 10:00:22,035 [INFO] PluginManager:213 - loadIPPluginJar : add i2c
2023-09-17 10:00:22,071 [INFO] IPUIPlugin:74 - create IPUIPlugin
2023-09-17 10:00:22,071 [INFO] PluginManager:213 - loadIPPluginJar : add i2s
2023-09-17 10:00:22,080 [INFO] IPUIPlugin:74 - create IPUIPlugin
2023-09-17 10:00:22,081 [INFO] PluginManager:213 - loadIPPluginJar : add ipddr
2023-09-17 10:00:22,153 [INFO] IPUIPlugin:74 - create IPUIPlugin
2023-09-17 10:00:22,153 [INFO] PluginManager:213 - loadIPPluginJar : add linkedlist
2023-09-17 10:00:22,184 [INFO] IPUIPlugin:74 - create IPUIPlugin
2023-09-17 10:00:22,185 [INFO] PluginManager:213 - loadIPPluginJar : add lorawan
2023-09-17 10:00:22,220 [INFO] IPUIPlugin:74 - create IPUIPlugin
2023-09-17 10:00:22,220 [INFO] PluginManager:213 - loadIPPluginJar : add ltdc
2023-09-17 10:00:22,229 [INFO] IPUIPlugin:74 - create IPUIPlugin
2023-09-17 10:00:22,230 [INFO] PluginManager:213 - loadIPPluginJar : add mdma
2023-09-17 10:00:22,239 [INFO] IPUIPlugin:74 - create IPUIPlugin
2023-09-17 10:00:22,239 [INFO] PluginManager:213 - loadIPPluginJar : add nvic
2023-09-17 10:00:22,272 [INFO] IPUIPlugin:74 - create IPUIPlugin
2023-09-17 10:00:22,273 [INFO] PluginManager:213 - loadIPPluginJar : add opamp
2023-09-17 10:00:22,324 [INFO] IPUIPlugin:74 - create IPUIPlugin
2023-09-17 10:00:22,325 [INFO] PluginManager:213 - loadIPPluginJar : add openamp
2023-09-17 10:00:22,362 [INFO] IPUIPlugin:74 - create IPUIPlugin
2023-09-17 10:00:22,362 [INFO] PluginManager:213 - loadIPPluginJar : add pdm2pcm
2023-09-17 10:00:22,374 [INFO] IPUIPlugin:74 - create IPUIPlugin
2023-09-17 10:00:22,377 [INFO] PluginManager:213 - loadIPPluginJar : add plateformsettings
2023-09-17 10:00:22,401 [INFO] IPUIPlugin:74 - create IPUIPlugin
2023-09-17 10:00:22,401 [INFO] PluginManager:213 - loadIPPluginJar : add quadspi
2023-09-17 10:00:22,411 [INFO] IPUIPlugin:74 - create IPUIPlugin
2023-09-17 10:00:22,411 [INFO] PluginManager:213 - loadIPPluginJar : add resmgrutility
2023-09-17 10:00:22,454 [INFO] IPUIPlugin:74 - create IPUIPlugin
2023-09-17 10:00:22,455 [INFO] PluginManager:213 - loadIPPluginJar : add sai
2023-09-17 10:00:22,488 [INFO] IPUIPlugin:74 - create IPUIPlugin
2023-09-17 10:00:22,489 [INFO] PluginManager:213 - loadIPPluginJar : add spi
2023-09-17 10:00:22,546 [INFO] IPUIPlugin:74 - create IPUIPlugin
2023-09-17 10:00:22,546 [INFO] PluginManager:213 - loadIPPluginJar : add stm32_wpan
2023-09-17 10:00:22,579 [INFO] IPUIPlugin:74 - create IPUIPlugin
2023-09-17 10:00:22,580 [INFO] PluginManager:213 - loadIPPluginJar : add tim
2023-09-17 10:00:22,636 [INFO] IPUIPlugin:74 - create IPUIPlugin
2023-09-17 10:00:22,636 [INFO] PluginManager:213 - loadIPPluginJar : add touchsensing
2023-09-17 10:00:22,661 [INFO] IPUIPlugin:74 - create IPUIPlugin
2023-09-17 10:00:22,661 [INFO] PluginManager:213 - loadIPPluginJar : add tracer_emb
2023-09-17 10:00:22,686 [INFO] IPUIPlugin:74 - create IPUIPlugin
2023-09-17 10:00:22,686 [INFO] PluginManager:213 - loadIPPluginJar : add ts
2023-09-17 10:00:22,710 [INFO] IPUIPlugin:74 - create IPUIPlugin
2023-09-17 10:00:22,710 [INFO] PluginManager:213 - loadIPPluginJar : add tsc
2023-09-17 10:00:22,733 [INFO] IPUIPlugin:74 - create IPUIPlugin
2023-09-17 10:00:22,734 [INFO] PluginManager:213 - loadIPPluginJar : add ucpd
2023-09-17 10:00:22,773 [INFO] IPUIPlugin:74 - create IPUIPlugin
2023-09-17 10:00:22,773 [INFO] PluginManager:213 - loadIPPluginJar : add usart
2023-09-17 10:00:22,807 [INFO] IPUIPlugin:74 - create IPUIPlugin
2023-09-17 10:00:22,807 [INFO] PluginManager:213 - loadIPPluginJar : add usbx
2023-09-17 10:00:23,050 [FATAL] Updater:294 - Updater called before beeing initialized
2023-09-17 10:00:23,133 [FATAL] Updater:294 - Updater called before beeing initialized
2023-09-17 10:00:23,138 [INFO] DbMcusAds:47 - JSON generation date=Tue Mar 07 15:50:55 ICT 2023 (1678179055114)
2023-09-17 10:00:23,138 [FATAL] Updater:294 - Updater called before beeing initialized
2023-09-17 10:00:23,169 [WARN] DetailPanel:314 - Failed to get advertising image, set to default
2023-09-17 10:00:23,237 [FATAL] Updater:294 - Updater called before beeing initialized
2023-09-17 10:00:23,239 [FATAL] Updater:294 - Updater called before beeing initialized
2023-09-17 10:00:23,239 [FATAL] Updater:294 - Updater called before beeing initialized
2023-09-17 10:00:23,239 [WARN] DetailPanel:314 - Failed to get advertising image, set to default
2023-09-17 10:00:23,240 [FATAL] Updater:294 - Updater called before beeing initialized
2023-09-17 10:00:23,283 [ERROR] Updater:1075 - MainUpdater not yet initialized. External WinMGr cannot be set.
2023-09-17 10:00:23,292 [INFO] Updater:1012 - Updater Version found : 6.3.0
2023-09-17 10:00:23,309 [INFO] ApplicationProperties:181 - Using Application install path: C:\ST\STM32CubeIDE_1.7.0\STM32CubeIDE\plugins\com.st.stm32cube.common.mx_6.3.0.202107141111
2023-09-17 10:00:23,627 [INFO] MainUpdater:2671 - connection check result : 10
2023-09-17 10:00:23,628 [INFO] MainUpdater:265 - Updater Check For Update Now.
2023-09-17 10:00:23,628 [INFO] MicroXplorer:478 - Change Database Version : DB.6.0.30
2023-09-17 10:00:23,783 [INFO] CheckServerUpdateThread:112 - End of CheckServer Thread
2023-09-17 10:00:23,875 [INFO] MainUpdater:2671 - connection check result : 10
2023-09-17 10:00:23,892 [INFO] McuFinderGlobals:52 - Set McuFinderConnectedMode to true
2023-09-17 10:00:23,968 [WARN] MainUpdater:1122 - Updater busy. Cannot search thirdparties
2023-09-17 10:00:23,968 [INFO] ThirdPartyUpdaterWithRetryManager:92 - Updater plugin is busy. [1/15]
2023-09-17 10:00:24,055 [INFO] ServerAccessManage:362 - Download File mcusAds.json._tmp_
2023-09-17 10:00:24,169 [INFO] LoadUrlFilesThread:145 - End of LoadUrlFiles Thread
2023-09-17 10:00:24,883 [INFO] ServerAccessManage:362 - Download File mcusDocs.json._tmp_
2023-09-17 10:00:25,749 [INFO] LoadUrlFilesThread:145 - End of LoadUrlFiles Thread
2023-09-17 10:00:25,947 [INFO] ServerAccessManage:362 - Download File mcusFeaturesAndDescription.json._tmp_
2023-09-17 10:00:26,978 [WARN] MainUpdater:1122 - Updater busy. Cannot search thirdparties
2023-09-17 10:00:26,978 [INFO] ThirdPartyUpdaterWithRetryManager:92 - Updater plugin is busy. [2/15]
2023-09-17 10:00:28,110 [INFO] LoadUrlFilesThread:145 - End of LoadUrlFiles Thread
2023-09-17 10:00:28,291 [INFO] ServerAccessManage:362 - Download File boardsDocs.json._tmp_
2023-09-17 10:00:28,408 [INFO] LoadUrlFilesThread:145 - End of LoadUrlFiles Thread
2023-09-17 10:00:28,585 [INFO] ServerAccessManage:362 - Download File boards.json._tmp_
2023-09-17 10:00:28,772 [INFO] LoadUrlFilesThread:145 - End of LoadUrlFiles Thread
2023-09-17 10:00:28,824 [INFO] ServerAccessManage:362 - Download File cube-finder-db.zip
2023-09-17 10:00:29,991 [WARN] MainUpdater:1122 - Updater busy. Cannot search thirdparties
2023-09-17 10:00:29,991 [INFO] ThirdPartyUpdaterWithRetryManager:92 - Updater plugin is busy. [3/15]
2023-09-17 10:00:30,282 [INFO] FileExtend:235 - Unzip File : cube-finder-db.zip
2023-09-17 10:00:30,282 [INFO] FileExtend:250 - Standard Zip Deflate
2023-09-17 10:00:30,907 [INFO] LoadUrlFilesThread:145 - End of LoadUrlFiles Thread
2023-09-17 10:00:31,949 [INFO] ServerAccessManage:362 - Download File crdb.zip
2023-09-17 10:00:32,998 [WARN] MainUpdater:1122 - Updater busy. Cannot search thirdparties
2023-09-17 10:00:32,998 [INFO] ThirdPartyUpdaterWithRetryManager:92 - Updater plugin is busy. [4/15]
2023-09-17 10:00:33,345 [INFO] FileExtend:235 - Unzip File : crdb.zip
2023-09-17 10:00:33,345 [INFO] FileExtend:250 - Standard Zip Deflate
2023-09-17 10:00:33,481 [INFO] LoadUrlFilesThread:145 - End of LoadUrlFiles Thread
2023-09-17 10:00:33,542 [INFO] ServerAccessManage:362 - Download File tutoVideoDB.zip
2023-09-17 10:00:33,556 [INFO] FileExtend:235 - Unzip File : tutoVideoDB.zip
2023-09-17 10:00:33,556 [INFO] FileExtend:250 - Standard Zip Deflate
2023-09-17 10:00:33,682 [INFO] LoadUrlFilesThread:145 - End of LoadUrlFiles Thread
2023-09-17 10:00:33,683 [INFO] DbMcusAds:47 - JSON generation date=Tue Mar 07 15:50:55 ICT 2023 (1678179055114)
2023-09-17 10:00:33,694 [INFO] DbMcusDocs:143 - JSON generation date=Tue Nov 16 23:17:54 ICT 2021 (1637079474)
2023-09-17 10:00:33,696 [INFO] DbMcusXml:100 - Load MCU database from C:\ST\STM32CubeIDE_1.7.0\STM32CubeIDE\plugins\com.st.stm32cube.common.mx_6.3.0.202107141111\\db\/mcu/families.xml
2023-09-17 10:00:34,307 [INFO] DbMcusJson:93 - JSON generation date=Tue Nov 16 23:17:54 ICT 2021 (1637079474)
2023-09-17 10:00:34,788 [INFO] DbMcus:175 - Found 1951 MCUs (1903 are supported by CubeMX, 1914 are visible in CubeMX)
2023-09-17 10:00:34,789 [INFO] ApiDb:251 - Load user favorites file C:\Users\Heathcliff/.stm32cubeide/favorites.mcus.txt: 0 item(s)
2023-09-17 10:00:34,790 [INFO] ApiDb:255 - User favorites MCUs=[]
2023-09-17 10:00:34,790 [INFO] DbMcus:187 - Set 0 / 0 favorites MCUs
2023-09-17 10:00:35,142 [INFO] DbMcusDocs:79 - Found 682 MCUs documents
2023-09-17 10:00:35,144 [INFO] ApiDb:276 - Save user favorites file C:\Users\Heathcliff/.stm32cubeide/favorites.mcus.txt: 0 item(s)
2023-09-17 10:00:35,144 [INFO] ApiDb:280 - User favorites MCUs=[]
2023-09-17 10:00:35,144 [INFO] DbMcusXml:100 - Load MCU database from C:\ST\STM32CubeIDE_1.7.0\STM32CubeIDE\plugins\com.st.stm32cube.common.mx_6.3.0.202107141111\\db\/mcu/families.xml
2023-09-17 10:00:35,638 [INFO] DbMcusJson:93 - JSON generation date=Tue Nov 16 23:17:54 ICT 2021 (1637079474)
2023-09-17 10:00:36,065 [INFO] DbMcus:175 - Found 1951 MCUs (1903 are supported by CubeMX, 1914 are visible in CubeMX)
2023-09-17 10:00:36,065 [INFO] ApiDb:251 - Load user favorites file C:\Users\Heathcliff/.stm32cubeide/favorites.mcus.txt: 0 item(s)
2023-09-17 10:00:36,065 [INFO] ApiDb:255 - User favorites MCUs=[]
2023-09-17 10:00:36,065 [INFO] DbMcus:187 - Set 0 / 0 favorites MCUs
2023-09-17 10:00:36,071 [INFO] DbBoardsDocs:143 - JSON generation date=Tue Nov 16 23:17:54 ICT 2021 (1637079474)
2023-09-17 10:00:36,086 [INFO] DbBoardsPdsc:90 - Found 25 items
2023-09-17 10:00:36,095 [INFO] DbBoardsPdsc:90 - Found 9 items
2023-09-17 10:00:36,104 [INFO] DbBoardsPdsc:90 - Found 33 items
2023-09-17 10:00:36,112 [INFO] DbBoardsPdsc:90 - Found 1 items
2023-09-17 10:00:36,118 [ERROR] Engine:463 - C:\Users\Heathcliff\.stm32cubemx\thirdparties\pdsc\STMicroelectronics.X-CUBE-SMBUS.2.1.0.pdsc: PDSC version is not supported
2023-09-17 10:00:36,124 [INFO] DbBoardsPdsc:90 - Found 48 items
2023-09-17 10:00:36,139 [INFO] DbBoardsPdsc:90 - Found 43 items
2023-09-17 10:00:36,148 [INFO] DbBoardsPdsc:90 - Found 2 items
2023-09-17 10:00:36,155 [INFO] DbBoardsPdsc:90 - Found 5 items
2023-09-17 10:00:36,159 [WARN] DbBoardsPdsc:254 - Board STM32H7B3I-DK: unknown feature type=Audio, name=, username=Audio stereo codec with Headphone Amp (CS42L51-CNZ), n=1
2023-09-17 10:00:36,159 [WARN] DbBoardsPdsc:254 - Board STM32H735G-DK: unknown feature type=Audio, name=, username=Audio stereo codec with Headphone Amp (WM8994ECS/R), n=1
2023-09-17 10:00:36,161 [WARN] DbBoardsPdsc:254 - Board STM32H7B3I-EVAL: unknown feature type=Audio, name=, username=Multi-Channel Audio Codec (CS42L51-CNZ), n=1
2023-09-17 10:00:36,161 [WARN] DbBoardsPdsc:254 - Board STM32H7B3I-EVAL: unknown feature type=Meter, name=, username=Power-metering and Temperature-monitoring with sigma-delta modulators, n=1
2023-09-17 10:00:36,161 [WARN] DbBoardsPdsc:254 - Board STM32H7B3I-EVAL: unknown feature type=Motor, name=, username=Motor Control, n=1
2023-09-17 10:00:36,162 [WARN] DbBoardsPdsc:254 - Board STM32U575I-EV: unknown feature type=joystick, name=, username=4-direction joystick with selection button, n=1
2023-09-17 10:00:36,171 [WARN] PackLoader:238 - Cannot read IP mode file for STMicroelectronics.X-CUBE-AZRTOS-F7.1.1.0
2023-09-17 10:00:36,177 [INFO] DbBoardsJson:86 - JSON generation date=Tue Nov 16 23:17:54 ICT 2021 (1637079474)
2023-09-17 10:00:36,183 [INFO] DbBoards:117 - Found 167 boards (163 are supported by CubeMX)
2023-09-17 10:00:36,183 [INFO] DbBoardsDocs:143 - JSON generation date=Tue Nov 16 23:17:54 ICT 2021 (1637079474)
2023-09-17 10:00:36,184 [ERROR] Engine:463 - C:\Users\Heathcliff\.stm32cubemx\thirdparties\pdsc\STMicroelectronics.FP-SNS-MOTENV1.4.3.2.pdsc: PDSC version is not supported
2023-09-17 10:00:36,186 [INFO] DbBoardsDocs:79 - Found 209 boards documents
2023-09-17 10:00:36,187 [WARN] DbBoards:127 - board B-L475E-IOT01A2 has no document id list !
2023-09-17 10:00:36,189 [WARN] DbBoards:127 - board NUCLEO-H743ZI has no document id list !
2023-09-17 10:00:36,189 [WARN] DbBoards:127 - board NUCLEO-WL55JC2 has no document id list !
2023-09-17 10:00:36,189 [WARN] DbBoards:127 - board P-NUCLEO-WB55-Nucleo has no document id list !
2023-09-17 10:00:36,189 [WARN] DbBoards:127 - board P-NUCLEO-WB55-USBDongle has no document id list !
2023-09-17 10:00:36,189 [WARN] DbBoards:127 - board STEVAL-BFA001V1B has no document id list !
2023-09-17 10:00:36,189 [WARN] DbBoards:127 - board STEVAL-BFA001V2B has no document id list !
2023-09-17 10:00:36,189 [WARN] DbBoards:127 - board STEVAL-IDP005V1 has no document id list !
2023-09-17 10:00:36,189 [WARN] DbBoards:127 - board STEVAL-IDP005V2 has no document id list !
2023-09-17 10:00:36,189 [WARN] DbBoards:127 - board STEVAL-MKSBOX1V1 has no document id list !
2023-09-17 10:00:36,189 [WARN] DbBoards:127 - board STEVAL-STWINKT1 has no document id list !
2023-09-17 10:00:36,189 [WARN] DbBoards:127 - board STEVAL-STWINKT1B has no document id list !
2023-09-17 10:00:36,189 [WARN] DbBoards:127 - board STM32439I-EVAL2 has no document id list !
2023-09-17 10:00:36,189 [WARN] DbBoards:127 - board STM32F401C-DISCO has no document id list !
2023-09-17 10:00:36,190 [WARN] DbBoards:127 - board STM32F769I-DISC1 has no document id list !
2023-09-17 10:00:36,190 [WARN] DbBoards:127 - board STM32G474E-EVAL1 has no document id list !
2023-09-17 10:00:36,190 [WARN] DbBoards:127 - board STM32H743I-EVAL2 has no document id list !
2023-09-17 10:00:36,190 [WARN] DbBoards:127 - board STM32H747I-DISC1 has no document id list !
2023-09-17 10:00:36,190 [WARN] DbBoards:127 - board STM32H753I-EVAL2 has no document id list !
2023-09-17 10:00:36,191 [WARN] DbBoards:127 - board STM32L-DISCOVERY has no document id list !
2023-09-17 10:00:36,192 [ERROR] Engine:463 - C:\Users\Heathcliff\.stm32cubemx\thirdparties\pdsc\STMicroelectronics.FP-SNS-FLIGHT1.5.0.2.pdsc: PDSC version is not supported
2023-09-17 10:00:36,201 [ERROR] Engine:463 - C:\Users\Heathcliff\.stm32cubemx\thirdparties\pdsc\STMicroelectronics.X-CUBE-DISPLAY.3.0.0.pdsc: PDSC version is not supported
2023-09-17 10:00:36,213 [WARN] PackLoader:238 - Cannot read IP mode file for STMicroelectronics.X-CUBE-BLE1.7.0.0
2023-09-17 10:00:36,222 [ERROR] Engine:463 - C:\Users\Heathcliff\.stm32cubemx\thirdparties\pdsc\emotas.I-CUBE-CANOPEN.1.3.0.pdsc: PDSC version is not supported
2023-09-17 10:00:36,232 [WARN] PackLoader:238 - Cannot read IP mode file for STMicroelectronics.X-CUBE-TOUCHGFX.4.22.0
2023-09-17 10:00:36,239 [ERROR] Engine:463 - C:\Users\Heathcliff\.stm32cubemx\thirdparties\pdsc\STMicroelectronics.FP-SNS-SMARTAG2.1.2.0.pdsc: PDSC version is not supported
2023-09-17 10:00:36,256 [INFO] LogOutputStream:76 - [STDOUT_REDIRECT] 1 : Invalid condition id : UX_CORESTACK_Condition cause : null
2023-09-17 10:00:36,257 [INFO] LogOutputStream:76 - [STDOUT_REDIRECT] 1 : Invalid condition id : UX_CORESTACK_Condition cause : null
2023-09-17 10:00:36,258 [INFO] LogOutputStream:76 - [STDOUT_REDIRECT] 1 : Invalid condition id : UX_CORESTACK_Condition cause : null
2023-09-17 10:00:36,258 [INFO] LogOutputStream:76 - [STDOUT_REDIRECT] 1 : Invalid condition id : UX_CORESTACK_Condition cause : null
2023-09-17 10:00:36,259 [INFO] LogOutputStream:76 - [STDOUT_REDIRECT] 1 : Invalid condition id : UX_CORESTACK_Condition cause : null
2023-09-17 10:00:36,261 [WARN] PackLoader:238 - Cannot read IP mode file for STMicroelectronics.X-CUBE-AZRTOS-WL.2.0.0
2023-09-17 10:00:36,274 [WARN] PackLoader:238 - Cannot read IP mode file for WES.I-CUBE-Cesium.1.3.0
2023-09-17 10:00:36,285 [WARN] PackLoader:238 - Cannot read IP mode file for STMicroelectronics.X-CUBE-BLE2.3.3.0
2023-09-17 10:00:36,288 [ERROR] DbBoards:189 - Image file not found for board B-U585I-IOT02A: C:\ST\STM32CubeIDE_1.7.0\STM32CubeIDE\plugins\com.st.stm32cube.common.mx_6.3.0.202107141111\\db\/plugins/mcufinder/images/boards/B-U585I-IOT02A_small.jpg
2023-09-17 10:00:36,297 [WARN] PackLoader:238 - Cannot read IP mode file for STMicroelectronics.X-CUBE-ALGOBUILD.1.3.0
2023-09-17 10:00:36,332 [WARN] PackLoader:238 - Cannot read IP mode file for STMicroelectronics.X-CUBE-AZRTOS-G0.1.1.0
2023-09-17 10:00:36,345 [WARN] PackLoader:238 - Cannot read IP mode file for STMicroelectronics.X-CUBE-NFC4.3.0.0
2023-09-17 10:00:36,358 [WARN] PackLoader:238 - Cannot read IP mode file for STMicroelectronics.FP-ATR-SIGFOX1.3.2.0
2023-09-17 10:00:36,381 [ERROR] DbBoards:189 - Image file not found for board NUCLEO-F413ZH: C:\ST\STM32CubeIDE_1.7.0\STM32CubeIDE\plugins\com.st.stm32cube.common.mx_6.3.0.202107141111\\db\/plugins/mcufinder/images/boards/nucleo-f413zh_small.jpg
2023-09-17 10:00:36,397 [WARN] PackLoader:238 - Cannot read IP mode file for SEGGER.I-CUBE-embOS.1.3.1
2023-09-17 10:00:36,435 [WARN] PackLoader:238 - Cannot read IP mode file for STMicroelectronics.X-CUBE-GNSS1.6.0.0
2023-09-17 10:00:36,460 [WARN] PackLoader:238 - Cannot read IP mode file for STMicroelectronics.X-CUBE-AZRTOS-F4.1.1.0
2023-09-17 10:00:36,471 [WARN] PackLoader:238 - Cannot read IP mode file for wolfSSL.I-CUBE-wolfSSL.5.6.3
2023-09-17 10:00:36,494 [WARN] PackLoader:238 - Cannot read IP mode file for STMicroelectronics.X-CUBE-AZRTOS-L5.2.0.0
2023-09-17 10:00:36,540 [ERROR] DbBoards:189 - Image file not found for board NUCLEO-L552ZE-Q: C:\ST\STM32CubeIDE_1.7.0\STM32CubeIDE\plugins\com.st.stm32cube.common.mx_6.3.0.202107141111\\db\/plugins/mcufinder/images/boards/nucleo_l552ze_q_small.jpg
2023-09-17 10:00:36,540 [ERROR] DbBoards:189 - Image file not found for board NUCLEO-U575ZI-Q: C:\ST\STM32CubeIDE_1.7.0\STM32CubeIDE\plugins\com.st.stm32cube.common.mx_6.3.0.202107141111\\db\/plugins/mcufinder/images/boards/nucleo-u575zi-q_small.jpg
2023-09-17 10:00:36,540 [ERROR] DbBoards:189 - Image file not found for board NUCLEO-WB15CC: C:\ST\STM32CubeIDE_1.7.0\STM32CubeIDE\plugins\com.st.stm32cube.common.mx_6.3.0.202107141111\\db\/plugins/mcufinder/images/boards/nucleo-wb15cc_small.jpg
2023-09-17 10:00:36,540 [ERROR] DbBoards:189 - Image file not found for board NUCLEO-WB55RG: C:\ST\STM32CubeIDE_1.7.0\STM32CubeIDE\plugins\com.st.stm32cube.common.mx_6.3.0.202107141111\\db\/plugins/mcufinder/images/boards/nucleo-wb55rg_small.jpg
2023-09-17 10:00:36,559 [WARN] PackLoader:238 - Cannot read IP mode file for STMicroelectronics.X-CUBE-MEMS1.9.6.0
2023-09-17 10:00:36,697 [WARN] PackLoader:238 - Cannot read IP mode file for STMicroelectronics.X-CUBE-BLEMGR.2.0.0
2023-09-17 10:00:36,720 [WARN] ConditionMgr:437 - getConditionDescription Invalid condition id : UX DEVICE CLASS RTOS Condition cause : null
2023-09-17 10:00:36,720 [WARN] ConditionMgr:437 - getConditionDescription Invalid condition id : UX DEVICE CLASS RTOS Condition cause : null
2023-09-17 10:00:36,722 [WARN] PackLoader:238 - Cannot read IP mode file for STMicroelectronics.X-CUBE-AZRTOS-H7.3.1.0
2023-09-17 10:00:36,723 [WARN] ConditionMgr:1038 - genDependencies : Invalid condition id : UX DEVICE CLASS RTOS Condition cause : null
2023-09-17 10:00:36,723 [WARN] ConditionMgr:1038 - genDependencies : Invalid condition id : UX DEVICE CLASS RTOS Condition cause : null
2023-09-17 10:00:36,723 [WARN] ConditionMgr:1038 - genDependencies : Invalid condition id : UX DEVICE CLASS RTOS Condition cause : null
2023-09-17 10:00:36,724 [WARN] ConditionMgr:1038 - genDependencies : Invalid condition id : UX DEVICE CLASS RTOS Condition cause : null
2023-09-17 10:00:36,724 [WARN] ConditionMgr:1038 - genDependencies : Invalid condition id : UX DEVICE CLASS RTOS Condition cause : null
2023-09-17 10:00:36,734 [WARN] PackLoader:238 - Cannot read IP mode file for STMicroelectronics.X-CUBE-NFC7.1.0.1
2023-09-17 10:00:36,751 [WARN] PackLoader:238 - Cannot read IP mode file for STMicroelectronics.X-CUBE-NFC6.3.0.0
2023-09-17 10:00:36,763 [WARN] PackLoader:238 - Cannot read IP mode file for STMicroelectronics.X-CUBE-EEPRMA1.4.1.0
2023-09-17 10:00:36,773 [WARN] PackLoader:238 - Cannot read IP mode file for STMicroelectronics.X-CUBE-AI.8.1.0
2023-09-17 10:00:36,796 [WARN] ConditionMgr:437 - getConditionDescription Invalid condition id : LAN8742 Phy interface Condition cause : null
2023-09-17 10:00:36,796 [WARN] PackLoader:238 - Cannot read IP mode file for STMicroelectronics.X-CUBE-AZRTOS-L4.2.0.0
2023-09-17 10:00:36,797 [WARN] ConditionMgr:1038 - genDependencies : Invalid condition id : LAN8742 Phy interface Condition cause : null
2023-09-17 10:00:36,797 [WARN] ConditionMgr:1038 - genDependencies : Invalid condition id : LAN8742 Phy interface Condition cause : null
2023-09-17 10:00:36,798 [WARN] ConditionMgr:1038 - genDependencies : Invalid condition id : LAN8742 Phy interface Condition cause : null
2023-09-17 10:00:36,810 [WARN] PackLoader:238 - Cannot read IP mode file for STMicroelectronics.X-CUBE-SFXS2LP1.4.0.0
2023-09-17 10:00:36,819 [WARN] PackLoader:238 - Cannot read IP mode file for STMicroelectronics.X-CUBE-ISPU.1.1.0
2023-09-17 10:00:36,841 [WARN] ConditionMgr:437 - getConditionDescription Invalid condition id : UX DEVICE CLASS RTOS Condition cause : null
2023-09-17 10:00:36,842 [WARN] ConditionMgr:437 - getConditionDescription Invalid condition id : UX DEVICE CLASS RTOS Condition cause : null
2023-09-17 10:00:36,843 [WARN] PackLoader:238 - Cannot read IP mode file for STMicroelectronics.X-CUBE-AZRTOS-WB.2.0.0
2023-09-17 10:00:36,844 [WARN] ConditionMgr:1038 - genDependencies : Invalid condition id : UX DEVICE CLASS RTOS Condition cause : null
2023-09-17 10:00:36,844 [WARN] ConditionMgr:1038 - genDependencies : Invalid condition id : UX DEVICE CLASS RTOS Condition cause : null
2023-09-17 10:00:36,844 [WARN] ConditionMgr:1038 - genDependencies : Invalid condition id : UX DEVICE CLASS RTOS Condition cause : null
2023-09-17 10:00:36,845 [WARN] ConditionMgr:1038 - genDependencies : Invalid condition id : UX DEVICE CLASS RTOS Condition cause : null
2023-09-17 10:00:36,845 [WARN] ConditionMgr:1038 - genDependencies : Invalid condition id : UX DEVICE CLASS RTOS Condition cause : null
2023-09-17 10:00:36,861 [WARN] PackLoader:238 - Cannot read IP mode file for STMicroelectronics.X-CUBE-SUBG2.5.0.0
2023-09-17 10:00:36,882 [ERROR] Engine:463 - C:\Users\Heathcliff\.stm32cubemx\thirdparties\pdsc\STMicroelectronics.X-CUBE-TOF1.3.3.1.pdsc: PDSC version is not supported
2023-09-17 10:00:36,906 [WARN] PackLoader:238 - Cannot read IP mode file for STMicroelectronics.X-CUBE-AZRTOS-G4.2.0.0
2023-09-17 10:00:36,914 [ERROR] Engine:463 - C:\Users\Heathcliff\.stm32cubemx\thirdparties\pdsc\STMicroelectronics.X-CUBE-FREERTOS.1.1.0.pdsc: PDSC version is not supported
2023-09-17 10:00:36,924 [WARN] PackLoader:238 - Cannot read IP mode file for portGmbH.I-Cube-SoM-uGOAL.1.1.0
2023-09-17 10:00:36,933 [WARN] PackLoader:238 - Cannot read IP mode file for STMicroelectronics.X-CUBE-ALS.1.0.1
2023-09-17 10:00:36,941 [WARN] PackLoader:238 - Cannot read IP mode file for STMicroelectronics.FP-ATR-ASTRA1.2.0.0
2023-09-17 10:00:36,942 [INFO] ThirdParty:915 - Integrity check success = true
2023-09-17 10:00:36,942 [INFO] IntegrityCheckThread:94 - exiting critical section [integrity check]
2023-09-17 10:00:36,942 [INFO] IntegrityCheckThread:97 - End integrity checks thread
2023-09-17 10:00:37,392 [INFO] ApiDb:251 - Load user favorites file C:\Users\Heathcliff/.stm32cubeide/favorites.boards.txt: 0 item(s)
2023-09-17 10:00:37,392 [INFO] ApiDb:255 - User favorites Boards=[]
2023-09-17 10:00:37,392 [INFO] DbBoards:206 - Set 0 / 0 favorites Boards
2023-09-17 10:00:37,394 [INFO] DbBoardsDocs:79 - Found 418 boards documents
2023-09-17 10:00:37,394 [INFO] ApiDb:276 - Save user favorites file C:\Users\Heathcliff/.stm32cubeide/favorites.boards.txt: 0 item(s)
2023-09-17 10:00:37,395 [INFO] ApiDb:280 - User favorites Boards=[]
2023-09-17 10:00:37,397 [INFO] DbBoardsPdsc:90 - Found 25 items
2023-09-17 10:00:37,398 [INFO] DbBoardsPdsc:90 - Found 9 items
2023-09-17 10:00:37,400 [INFO] DbBoardsPdsc:90 - Found 33 items
2023-09-17 10:00:37,400 [INFO] DbBoardsPdsc:90 - Found 1 items
2023-09-17 10:00:37,403 [INFO] DbBoardsPdsc:90 - Found 48 items
2023-09-17 10:00:37,407 [INFO] DbBoardsPdsc:90 - Found 43 items
2023-09-17 10:00:37,408 [INFO] DbBoardsPdsc:90 - Found 2 items
2023-09-17 10:00:37,409 [INFO] DbBoardsPdsc:90 - Found 5 items
2023-09-17 10:00:37,410 [WARN] DbBoardsPdsc:254 - Board STM32H7B3I-DK: unknown feature type=Audio, name=, username=Audio stereo codec with Headphone Amp (CS42L51-CNZ), n=1
2023-09-17 10:00:37,410 [WARN] DbBoardsPdsc:254 - Board STM32H735G-DK: unknown feature type=Audio, name=, username=Audio stereo codec with Headphone Amp (WM8994ECS/R), n=1
2023-09-17 10:00:37,411 [WARN] DbBoardsPdsc:254 - Board STM32H7B3I-EVAL: unknown feature type=Audio, name=, username=Multi-Channel Audio Codec (CS42L51-CNZ), n=1
2023-09-17 10:00:37,411 [WARN] DbBoardsPdsc:254 - Board STM32H7B3I-EVAL: unknown feature type=Meter, name=, username=Power-metering and Temperature-monitoring with sigma-delta modulators, n=1
2023-09-17 10:00:37,411 [WARN] DbBoardsPdsc:254 - Board STM32H7B3I-EVAL: unknown feature type=Motor, name=, username=Motor Control, n=1
2023-09-17 10:00:37,412 [WARN] DbBoardsPdsc:254 - Board STM32U575I-EV: unknown feature type=joystick, name=, username=4-direction joystick with selection button, n=1
2023-09-17 10:00:37,422 [INFO] DbBoardsJson:86 - JSON generation date=Tue Nov 16 23:17:54 ICT 2021 (1637079474)
2023-09-17 10:00:37,426 [INFO] DbBoards:117 - Found 167 boards (163 are supported by CubeMX)
2023-09-17 10:00:37,426 [WARN] DbBoards:127 - board B-L475E-IOT01A2 has no document id list !
2023-09-17 10:00:37,427 [WARN] DbBoards:127 - board NUCLEO-H743ZI has no document id list !
2023-09-17 10:00:37,428 [WARN] DbBoards:127 - board NUCLEO-WL55JC2 has no document id list !
2023-09-17 10:00:37,428 [WARN] DbBoards:127 - board P-NUCLEO-WB55-Nucleo has no document id list !
2023-09-17 10:00:37,428 [WARN] DbBoards:127 - board P-NUCLEO-WB55-USBDongle has no document id list !
2023-09-17 10:00:37,428 [WARN] DbBoards:127 - board STEVAL-BFA001V1B has no document id list !
2023-09-17 10:00:37,428 [WARN] DbBoards:127 - board STEVAL-BFA001V2B has no document id list !
2023-09-17 10:00:37,428 [WARN] DbBoards:127 - board STEVAL-IDP005V1 has no document id list !
2023-09-17 10:00:37,428 [WARN] DbBoards:127 - board STEVAL-IDP005V2 has no document id list !
2023-09-17 10:00:37,428 [WARN] DbBoards:127 - board STEVAL-MKSBOX1V1 has no document id list !
2023-09-17 10:00:37,428 [WARN] DbBoards:127 - board STEVAL-STWINKT1 has no document id list !
2023-09-17 10:00:37,428 [WARN] DbBoards:127 - board STEVAL-STWINKT1B has no document id list !
2023-09-17 10:00:37,428 [WARN] DbBoards:127 - board STM32439I-EVAL2 has no document id list !
2023-09-17 10:00:37,428 [WARN] DbBoards:127 - board STM32F401C-DISCO has no document id list !
2023-09-17 10:00:37,428 [WARN] DbBoards:127 - board STM32F769I-DISC1 has no document id list !
2023-09-17 10:00:37,428 [WARN] DbBoards:127 - board STM32G474E-EVAL1 has no document id list !
2023-09-17 10:00:37,428 [WARN] DbBoards:127 - board STM32H743I-EVAL2 has no document id list !
2023-09-17 10:00:37,428 [WARN] DbBoards:127 - board STM32H747I-DISC1 has no document id list !
2023-09-17 10:00:37,428 [WARN] DbBoards:127 - board STM32H753I-EVAL2 has no document id list !
2023-09-17 10:00:37,428 [WARN] DbBoards:127 - board STM32L-DISCOVERY has no document id list !
2023-09-17 10:00:37,483 [ERROR] DbBoards:189 - Image file not found for board B-U585I-IOT02A: C:\ST\STM32CubeIDE_1.7.0\STM32CubeIDE\plugins\com.st.stm32cube.common.mx_6.3.0.202107141111\\db\/plugins/mcufinder/images/boards/B-U585I-IOT02A_small.jpg
2023-09-17 10:00:37,540 [ERROR] DbBoards:189 - Image file not found for board NUCLEO-F413ZH: C:\ST\STM32CubeIDE_1.7.0\STM32CubeIDE\plugins\com.st.stm32cube.common.mx_6.3.0.202107141111\\db\/plugins/mcufinder/images/boards/nucleo-f413zh_small.jpg
2023-09-17 10:00:37,674 [ERROR] DbBoards:189 - Image file not found for board NUCLEO-L552ZE-Q: C:\ST\STM32CubeIDE_1.7.0\STM32CubeIDE\plugins\com.st.stm32cube.common.mx_6.3.0.202107141111\\db\/plugins/mcufinder/images/boards/nucleo_l552ze_q_small.jpg
2023-09-17 10:00:37,674 [ERROR] DbBoards:189 - Image file not found for board NUCLEO-U575ZI-Q: C:\ST\STM32CubeIDE_1.7.0\STM32CubeIDE\plugins\com.st.stm32cube.common.mx_6.3.0.202107141111\\db\/plugins/mcufinder/images/boards/nucleo-u575zi-q_small.jpg
2023-09-17 10:00:37,674 [ERROR] DbBoards:189 - Image file not found for board NUCLEO-WB15CC: C:\ST\STM32CubeIDE_1.7.0\STM32CubeIDE\plugins\com.st.stm32cube.common.mx_6.3.0.202107141111\\db\/plugins/mcufinder/images/boards/nucleo-wb15cc_small.jpg
2023-09-17 10:00:37,674 [ERROR] DbBoards:189 - Image file not found for board NUCLEO-WB55RG: C:\ST\STM32CubeIDE_1.7.0\STM32CubeIDE\plugins\com.st.stm32cube.common.mx_6.3.0.202107141111\\db\/plugins/mcufinder/images/boards/nucleo-wb55rg_small.jpg
2023-09-17 10:00:38,207 [INFO] ApiDb:251 - Load user favorites file C:\Users\Heathcliff/.stm32cubeide/favorites.boards.txt: 0 item(s)
2023-09-17 10:00:38,207 [INFO] ApiDb:255 - User favorites Boards=[]
2023-09-17 10:00:38,208 [INFO] DbBoards:206 - Set 0 / 0 favorites Boards
2023-09-17 10:00:38,215 [INFO] LoadUrlFilesThread:172 - End of LoadServerUrlFiles without Thread
2023-09-17 10:00:38,215 [INFO] TargetSelectorAdapter:224 - Refresh data is successful
2023-09-17 10:00:38,304 [INFO] ApiDb:479 - Connected to CubeFinder SQLite database (C:\Users\Heathcliff\.stmcufinder\plugins\mcufinder\mcu\cube-finder-db.db)
2023-09-17 10:00:38,832 [INFO] DbExamplesSqlite:411 - Ignored 27 examples not supported by CubeIDE
2023-09-17 10:00:38,832 [INFO] DbExamplesSqlite:412 - Found 7232 examples active
2023-09-17 10:00:38,832 [INFO] DbExamplesSqlite:413 - Found 678 examples obsolete
2023-09-17 10:00:38,832 [INFO] DbExamplesSqlite:414 - Found 0 examples under development
2023-09-17 10:00:38,832 [INFO] DbExamplesSqlite:415 - Found 74 examples not building
2023-09-17 10:00:38,871 [INFO] DbExamplesSqlite:108 - CubeFinder database Data Model version=2.1
2023-09-17 10:00:38,872 [INFO] DbExamplesSqlite:109 - CubeFinder database Configuration version=3.0.37
2023-09-17 10:00:38,872 [INFO] DbExamplesSqlite:110 - CubeFinder database generation date=2023-08-31 (1693470701)
2023-09-17 10:00:38,872 [INFO] DbExamplesSqlite:111 - CubeFinder database FW Pack versions=[FP-ATR-ASTRA1_V2.0.0, FP-SNS-FLIGHT1_V5.0.1, FP-SNS-FLIGHT1_V5.0.2, FP-SNS-MOTENV1_V4.3.1, FP-SNS-MOTENV1_V4.3.2, STM32Cube_FW_C0_V1.1.0, STM32Cube_FW_F4_V1.27.1, STM32Cube_FW_F7_V1.17.0, STM32Cube_FW_G0_V1.6.1, STM32Cube_FW_G4_V1.5.1, STM32Cube_FW_H5_V0.5.1, STM32Cube_FW_H5_V1.1.1, STM32Cube_FW_H7_V1.11.0, STM32Cube_FW_L0_V1.12.2, STM32Cube_FW_L5_V1.5.0, STM32Cube_FW_U5_V1.3.0, STM32Cube_FW_U5_V1.3.0RC4, STM32Cube_FW_WBA_V1.0.0RC1, STM32Cube_FW_WBA_V1.1.0, STM32Cube_FW_WBA_V1.1.0RC1, STM32Cube_FW_WB_V1.15.0RC1, STM32Cube_FW_WB_V1.16.0, STM32Cube_FW_WB_V1.16.0RC2, STM32Cube_FW_WB_V1.17.0, STM32Cube_FW_WB_V1.17.2, STM32Cube_FW_WL_V1.3.0, X-CUBE-ALGOBUILD_V1.3.0, X-CUBE-ALS_V1.0.1, X-CUBE-AZRTOS-F4_V1.1.0, X-CUBE-AZRTOS-F7_V1.1.0, X-CUBE-AZRTOS-G0_V1.1.0, X-CUBE-AZRTOS-G4_V2.0.0, X-CUBE-AZRTOS-H7_V3.1.0, X-CUBE-AZRTOS-L4_V1.0.0, X-CUBE-AZRTOS-L4_V2.0.0, X-CUBE-AZRTOS-L5_V1.1.0, X-CUBE-AZRTOS-WB_V2.0.0, X-CUBE-AZRTOS-WL_V2.0.0, X-CUBE-BLE1_V7.0.0, X-CUBE-BLE2_V3.3.0, X-CUBE-BLEMGR_V2.0.0, X-CUBE-EEPRMA1_V4.1.0, X-CUBE-FREERTOS_V1.1.0, X-CUBE-GNSS1_V6.0.0, X-CUBE-MEMS1_V9.1.0, X-CUBE-MEMS1_V9.4.0, X-CUBE-MEMS1_V9.6.0, X-CUBE-NFC4_V3.0.0, X-CUBE-NFC7_V1.0.0, X-CUBE-SFXS2LP1_V4.0.0, X-CUBE-SUBG2_V5.0.0, X-CUBE-TOF1_V3.3.1]
2023-09-17 10:00:38,873 [INFO] DbExamples:130 - Found 7279 examples
2023-09-17 10:00:39,288 [ERROR] DbExamples:206 - Found 7279 examples with invalid data (board or MCU)
2023-09-17 10:00:39,288 [INFO] DbExamples:222 - Found 79 boards with related examples
2023-09-17 10:00:39,289 [INFO] DbExamples:235 - Found 0 MCUs with related examples
2023-09-17 10:00:39,306 [INFO] ApiDb:251 - Load user favorites file C:\Users\Heathcliff/.stm32cubeide/favorites.examples.txt: 0 item(s)
2023-09-17 10:00:39,306 [INFO] ApiDb:255 - User favorites Examples=[]
2023-09-17 10:00:39,307 [INFO] DbExamples:256 - Set 0 / 0 favorites Examples
2023-09-17 10:00:39,533 [INFO] McuFinderGlobals:52 - Set McuFinderConnectedMode to false
2023-09-17 10:00:39,618 [INFO] CrossSelectorPresenter:1330 - Cross Selector saved comparison directory: C:\Users\Heathcliff\.stmcufinder\plugins\mcufinder\mcu\cs_comparisons_mx
2023-09-17 10:00:39,623 [INFO] MultiScanPanel:197 - Auto-refresh data requested => check proxy status ongoing
2023-09-17 10:00:39,624 [INFO] MultiScanPanel:201 - Proxy status is invalid
2023-09-17 10:00:39,626 [INFO] FinderPluginLoader:87 - Searching for filters in installed packs
2023-09-17 10:00:39,972 [INFO] DetailPanel:309 - Set advertising image to C:/Users/Heathcliff/STM32Cube/Repository/\en.prom-stm32h5-mcu-finder.jpg
2023-09-17 10:01:53,403 [INFO] MainUpdater:2671 - connection check result : 10
2023-09-17 10:01:53,404 [INFO] MainUpdater:2671 - connection check result : 10
2023-09-17 10:01:53,453 [INFO] MicroXplorer:448 - Change Database Path : 
2023-09-17 10:01:53,454 [INFO] MicroXplorer:478 - Change Database Version : DB.6.0.30
2023-09-17 10:01:53,454 [WARN] ThirdParty:813 - waiting for thirdparty lock release [close project]
2023-09-17 10:01:53,454 [INFO] ThirdParty:815 - entering critical section [close project]
2023-09-17 10:01:53,455 [INFO] ThirdParty:825 - exiting critical section [close project]
2023-09-17 10:01:53,459 [INFO] PinOutPanel:1463 - setPackage(No Configuration,No Configuration)
2023-09-17 10:01:53,460 [INFO] UtilMem:74 - Begin LoadConfig() Used Memory: 712673848 Bytes (725614592)
2023-09-17 10:01:53,462 [INFO] MicroXplorer:448 - Change Database Path : 
2023-09-17 10:01:53,462 [INFO] MicroXplorer:478 - Change Database Version : DB.6.0.30
2023-09-17 10:01:53,462 [INFO] OpenFileManager:313 - Change cursor
2023-09-17 10:01:54,317 [INFO] Context:592 - Trying to add GPIOservice into a context  which must be forbidden
2023-09-17 10:01:54,549 [INFO] ImportTextPane:167 - (OptionalMessage_ERROR) Unable to find key (Mcu.ThirdPartyNb) in loaded IOC file
2023-09-17 10:01:54,549 [INFO] ImportTextPane:167 - (OptionalMessage_ERROR) Unable to find key (Mcu.PinsNb) in loaded IOC file
2023-09-17 10:01:54,550 [INFO] ImportTextPane:167 - (OptionalMessage_ERROR) Unable to find key (Mcu.IPNb) in loaded IOC file
2023-09-17 10:01:54,598 [WARN] ApiManager:304 - Cannot register API 'Board Extension:GNSS1A1' from pack STMicroelectronics.X-CUBE-GNSS1.6.0.0: no header file found
2023-09-17 10:01:54,599 [WARN] ApiManager:304 - Cannot register API 'Board Support:Custom' from pack STMicroelectronics.X-CUBE-GNSS1.6.0.0: no header file found
2023-09-17 10:01:54,599 [WARN] ApiManager:304 - Cannot register API 'Data Exchange:lib_gnss' from pack STMicroelectronics.X-CUBE-GNSS1.6.0.0: no header file found
2023-09-17 10:01:54,604 [WARN] ApiManager:304 - Cannot register API 'Wireless:BlueNRG-MS' from pack STMicroelectronics.X-CUBE-BLE1.7.0.0: no header file found
2023-09-17 10:01:54,609 [WARN] ModelIntegratedComponent:60 - No mode defined for component null
2023-09-17 10:01:54,610 [WARN] ModelIntegratedComponent:60 - No mode defined for component null
2023-09-17 10:01:54,610 [WARN] ModelIntegratedComponent:60 - No mode defined for component null
2023-09-17 10:01:54,610 [WARN] ModelIntegratedComponent:60 - No mode defined for component null
2023-09-17 10:01:54,610 [WARN] ModelIntegratedComponent:60 - No mode defined for component null
2023-09-17 10:01:54,610 [WARN] ModelIntegratedComponent:60 - No mode defined for component null
2023-09-17 10:01:54,610 [WARN] ModelIntegratedComponent:60 - No mode defined for component null
2023-09-17 10:01:54,610 [WARN] ModelIntegratedComponent:60 - No mode defined for component null
2023-09-17 10:01:54,610 [WARN] ModelIntegratedComponent:60 - No mode defined for component null
2023-09-17 10:01:54,610 [WARN] ModelIntegratedComponent:60 - No mode defined for component null
2023-09-17 10:01:54,610 [WARN] ModelIntegratedComponent:60 - No mode defined for component null
2023-09-17 10:01:54,610 [WARN] ModelIntegratedComponent:60 - No mode defined for component null
2023-09-17 10:01:54,610 [WARN] ModelIntegratedComponent:60 - No mode defined for component null
2023-09-17 10:01:54,610 [WARN] ModelIntegratedComponent:60 - No mode defined for component null
2023-09-17 10:01:54,610 [WARN] ModelIntegratedComponent:60 - No mode defined for component null
2023-09-17 10:01:54,610 [WARN] ModelIntegratedComponent:60 - No mode defined for component null
2023-09-17 10:01:54,610 [WARN] ModelIntegratedComponent:60 - No mode defined for component null
2023-09-17 10:01:54,610 [WARN] ModelIntegratedComponent:60 - No mode defined for component null
2023-09-17 10:01:54,610 [WARN] ModelIntegratedComponent:60 - No mode defined for component null
2023-09-17 10:01:54,610 [WARN] ModelIntegratedComponent:60 - No mode defined for component null
2023-09-17 10:01:54,610 [WARN] ModelIntegratedComponent:60 - No mode defined for component null
2023-09-17 10:01:54,610 [WARN] ModelIntegratedComponent:60 - No mode defined for component null
2023-09-17 10:01:54,611 [WARN] ModelIntegratedComponent:60 - No mode defined for component null
2023-09-17 10:01:54,611 [WARN] ModelIntegratedComponent:60 - No mode defined for component null
2023-09-17 10:01:54,611 [WARN] ModelIntegratedComponent:60 - No mode defined for component null
2023-09-17 10:01:54,611 [WARN] ModelIntegratedComponent:60 - No mode defined for component null
2023-09-17 10:01:54,611 [WARN] ModelIntegratedComponent:60 - No mode defined for component null
2023-09-17 10:01:54,611 [WARN] ModelIntegratedComponent:60 - No mode defined for component null
2023-09-17 10:01:54,611 [WARN] ModelIntegratedComponent:60 - No mode defined for component null
2023-09-17 10:01:54,611 [WARN] ModelIntegratedComponent:60 - No mode defined for component null
2023-09-17 10:01:54,611 [WARN] ModelIntegratedComponent:60 - No mode defined for component null
2023-09-17 10:01:54,616 [WARN] ApiManager:304 - Cannot register API 'Board Extension:NFC07A1' from pack STMicroelectronics.X-CUBE-NFC7.1.0.1: no header file found
2023-09-17 10:01:54,620 [WARN] ApiManager:304 - Cannot register API 'Board Extension:NFC06A1' from pack STMicroelectronics.X-CUBE-NFC6.3.0.0: no header file found
2023-09-17 10:01:54,621 [WARN] ApiManager:304 - Cannot register API 'Board Extension:NFC08A1' from pack STMicroelectronics.X-CUBE-NFC6.3.0.0: no header file found
2023-09-17 10:01:54,621 [WARN] ApiManager:304 - Cannot register API 'Board Extension:EEPRMA1' from pack STMicroelectronics.X-CUBE-EEPRMA1.4.1.0: no header file found
2023-09-17 10:01:54,622 [WARN] ApiManager:304 - Cannot register API 'Board Extension:EEPRMA2' from pack STMicroelectronics.X-CUBE-EEPRMA1.4.1.0: no header file found
2023-09-17 10:01:54,622 [WARN] ApiManager:304 - Cannot register API 'Board Extension:PGEEZ1' from pack STMicroelectronics.X-CUBE-EEPRMA1.4.1.0: no header file found
2023-09-17 10:01:54,622 [WARN] ApiManager:304 - Cannot register API 'Board Part:M24' from pack STMicroelectronics.X-CUBE-EEPRMA1.4.1.0: no header file found
2023-09-17 10:01:54,622 [WARN] ApiManager:304 - Cannot register API 'Board Part:M95' from pack STMicroelectronics.X-CUBE-EEPRMA1.4.1.0: no header file found
2023-09-17 10:01:54,622 [WARN] ApiManager:304 - Cannot register API 'Board Part:M95P32' from pack STMicroelectronics.X-CUBE-EEPRMA1.4.1.0: no header file found
2023-09-17 10:01:54,622 [WARN] ApiManager:304 - Cannot register API 'PGEEZ1:SPI' from pack STMicroelectronics.X-CUBE-EEPRMA1.4.1.0: no header file found
2023-09-17 10:01:54,622 [WARN] ApiManager:304 - Cannot register API 'PGEEZ1:QDSPI' from pack STMicroelectronics.X-CUBE-EEPRMA1.4.1.0: no header file found
2023-09-17 10:01:54,862 [WARN] ApiManager:304 - Cannot register API 'Board Extension:IKS01A3' from pack STMicroelectronics.X-CUBE-MEMS1.9.6.0: no header file found
2023-09-17 10:01:54,863 [WARN] ApiManager:304 - Cannot register API 'Board Extension:IKS01A2' from pack STMicroelectronics.X-CUBE-MEMS1.9.6.0: no header file found
2023-09-17 10:01:54,863 [WARN] ApiManager:304 - Cannot register API 'Board Extension:IKS02A1' from pack STMicroelectronics.X-CUBE-MEMS1.9.6.0: no header file found
2023-09-17 10:01:54,878 [INFO] RtosManager:484 - Registered RTOS mode: class=CMSIS, group=RTOS, mode=CMSIS_V1, owner=FREERTOS
2023-09-17 10:01:54,878 [INFO] RtosManager:484 - Registered RTOS mode: class=CMSIS, group=RTOS2, mode=CMSIS_V2, owner=FREERTOS
2023-09-17 10:01:54,878 [INFO] RtosManager:484 - Registered RTOS mode: class=RTOS, group=Core, mode=CMSIS_V1, owner=FREERTOS
2023-09-17 10:01:54,878 [INFO] RtosManager:484 - Registered RTOS mode: class=RTOS, group=Core, mode=CMSIS_V2, owner=FREERTOS
2023-09-17 10:01:54,879 [WARN] ModelIntegratedComponent:181 - Missing modes for component STMicroelectronics:FreeRTOS:0.0.1:STMicroelectronics:RTOS:FreeRTOS:Core:::10.2.0:
2023-09-17 10:01:54,881 [WARN] ApiManager:304 - Cannot register API 'Board Extension:NFC04A1' from pack STMicroelectronics.X-CUBE-NFC4.3.0.0: no header file found
2023-09-17 10:01:54,884 [WARN] ApiManager:304 - Cannot register API 'Board Extension:S2868A1' from pack STMicroelectronics.X-CUBE-SUBG2.5.0.0: no header file found
2023-09-17 10:01:54,884 [WARN] ApiManager:304 - Cannot register API 'Board Extension:S2868A2' from pack STMicroelectronics.X-CUBE-SUBG2.5.0.0: no header file found
2023-09-17 10:01:54,884 [WARN] ApiManager:304 - Cannot register API 'Board Extension:S2915A1' from pack STMicroelectronics.X-CUBE-SUBG2.5.0.0: no header file found
2023-09-17 10:01:54,888 [WARN] ApiManager:304 - Cannot register API 'Board Extension:S2868A1' from pack STMicroelectronics.X-CUBE-SFXS2LP1.4.0.0: no header file found
2023-09-17 10:01:54,889 [WARN] ApiManager:304 - Cannot register API 'Board Extension:S2868A2' from pack STMicroelectronics.X-CUBE-SFXS2LP1.4.0.0: no header file found
2023-09-17 10:01:54,889 [WARN] ApiManager:304 - Cannot register API 'Board Extension:S2915A1' from pack STMicroelectronics.X-CUBE-SFXS2LP1.4.0.0: no header file found
2023-09-17 10:01:54,890 [WARN] ApiManager:304 - Cannot register API 'Wireless:BlueNRG-2' from pack STMicroelectronics.X-CUBE-BLE2.3.3.0: no header file found
2023-09-17 10:01:56,892 [INFO] UtilMem:74 - End LoadConfig() Used Memory: 789439880 Bytes (909115392)
2023-09-17 10:01:56,899 [WARN] ThirdParty:779 - waiting for thirdparty lock release [change project]
2023-09-17 10:01:56,899 [INFO] ThirdParty:781 - entering critical section [change project]
2023-09-17 10:01:56,899 [INFO] ThirdParty:967 - CMSIS Pack Vendor :STMicroelectronics X-CUBE-ISPU 1.1.0
2023-09-17 10:01:56,899 [INFO] ThirdParty:967 - CMSIS Pack Vendor :STMicroelectronics X-CUBE-GNSS1 6.0.0
2023-09-17 10:01:56,899 [INFO] ThirdParty:967 - CMSIS Pack Vendor :STMicroelectronics USB_HOST 2.0.0
2023-09-17 10:01:56,899 [INFO] ThirdParty:967 - CMSIS Pack Vendor :STMicroelectronics X-CUBE-AZRTOS-F4 1.1.0
2023-09-17 10:01:56,899 [INFO] ThirdParty:967 - CMSIS Pack Vendor :STMicroelectronics X-CUBE-BLE1 7.0.0
2023-09-17 10:01:56,899 [INFO] ThirdParty:967 - CMSIS Pack Vendor :STMicroelectronics FP-ATR-SIGFOX1 3.2.0
2023-09-17 10:01:56,899 [INFO] ThirdParty:967 - CMSIS Pack Vendor :wolfSSL I-CUBE-wolfSSL 5.6.3
2023-09-17 10:01:56,899 [INFO] ThirdParty:967 - CMSIS Pack Vendor :STMicroelectronics USB_DEVICE 3.0.0
2023-09-17 10:01:56,899 [INFO] ThirdParty:967 - CMSIS Pack Vendor :STMicroelectronics HAL Drivers 0.0.0
2023-09-17 10:01:56,900 [INFO] ThirdParty:967 - CMSIS Pack Vendor :STMicroelectronics MBEDTLS 2.16.2
2023-09-17 10:01:56,900 [INFO] ThirdParty:967 - CMSIS Pack Vendor :STMicroelectronics X-CUBE-AZRTOS-WB 2.0.0
2023-09-17 10:01:56,900 [INFO] ThirdParty:967 - CMSIS Pack Vendor :STMicroelectronics X-CUBE-TOUCHGFX 4.22.0
2023-09-17 10:01:56,900 [INFO] ThirdParty:967 - CMSIS Pack Vendor :STMicroelectronics X-CUBE-NFC7 1.0.1
2023-09-17 10:01:56,900 [INFO] ThirdParty:967 - CMSIS Pack Vendor :STMicroelectronics MBEDTLS 2.14.1
2023-09-17 10:01:56,900 [INFO] ThirdParty:967 - CMSIS Pack Vendor :STMicroelectronics X-CUBE-AZRTOS-F7 1.1.0
2023-09-17 10:01:56,900 [INFO] ThirdParty:967 - CMSIS Pack Vendor :STMicroelectronics X-CUBE-AZRTOS-L5 2.0.0
2023-09-17 10:01:56,900 [INFO] ThirdParty:967 - CMSIS Pack Vendor :STMicroelectronics X-CUBE-NFC6 3.0.0
2023-09-17 10:01:56,900 [INFO] ThirdParty:967 - CMSIS Pack Vendor :STMicroelectronics X-CUBE-EEPRMA1 4.1.0
2023-09-17 10:01:56,900 [INFO] ThirdParty:967 - CMSIS Pack Vendor :portGmbH I-Cube-SoM-uGOAL 1.1.0
2023-09-17 10:01:56,900 [INFO] ThirdParty:967 - CMSIS Pack Vendor :STMicroelectronics X-CUBE-ALS 1.0.1
2023-09-17 10:01:56,900 [INFO] ThirdParty:967 - CMSIS Pack Vendor :STMicroelectronics USB_DEVICE 2.0.0
2023-09-17 10:01:56,900 [INFO] ThirdParty:967 - CMSIS Pack Vendor :STMicroelectronics X-CUBE-MEMS1 9.6.0
2023-09-17 10:01:56,900 [INFO] ThirdParty:967 - CMSIS Pack Vendor :STMicroelectronics X-CUBE-AZRTOS-WL 2.0.0
2023-09-17 10:01:56,900 [INFO] ThirdParty:967 - CMSIS Pack Vendor :STMicroelectronics X-CUBE-ALGOBUILD 1.3.0
2023-09-17 10:01:56,900 [INFO] ThirdParty:967 - CMSIS Pack Vendor :SEGGER I-CUBE-embOS 1.3.1
2023-09-17 10:01:56,900 [INFO] ThirdParty:967 - CMSIS Pack Vendor :STMicroelectronics FreeRTOS 0.0.1
2023-09-17 10:01:56,900 [INFO] ThirdParty:967 - CMSIS Pack Vendor :STMicroelectronics X-CUBE-AZRTOS-G0 1.1.0
2023-09-17 10:01:56,900 [INFO] ThirdParty:967 - CMSIS Pack Vendor :STMicroelectronics USB_DEVICE 1.0.0
2023-09-17 10:01:56,900 [INFO] ThirdParty:967 - CMSIS Pack Vendor :STMicroelectronics X-CUBE-BLEMGR 2.0.0
2023-09-17 10:01:56,900 [INFO] ThirdParty:967 - CMSIS Pack Vendor :STMicroelectronics X-CUBE-AI 8.1.0
2023-09-17 10:01:56,900 [INFO] ThirdParty:967 - CMSIS Pack Vendor :STMicroelectronics X-CUBE-NFC4 3.0.0
2023-09-17 10:01:56,900 [INFO] ThirdParty:967 - CMSIS Pack Vendor :STMicroelectronics X-CUBE-SUBG2 5.0.0
2023-09-17 10:01:56,900 [INFO] ThirdParty:967 - CMSIS Pack Vendor :STMicroelectronics X-CUBE-AZRTOS-L4 2.0.0
2023-09-17 10:01:56,900 [INFO] ThirdParty:967 - CMSIS Pack Vendor :STMicroelectronics ThreadX 0.0.2
2023-09-17 10:01:56,900 [INFO] ThirdParty:967 - CMSIS Pack Vendor :WES I-CUBE-Cesium 1.3.0
2023-09-17 10:01:56,900 [INFO] ThirdParty:967 - CMSIS Pack Vendor :STMicroelectronics FP-ATR-ASTRA1 2.0.0
2023-09-17 10:01:56,900 [INFO] ThirdParty:967 - CMSIS Pack Vendor :STMicroelectronics lwIP 2.0.3
2023-09-17 10:01:56,900 [INFO] ThirdParty:967 - CMSIS Pack Vendor :STMicroelectronics lwIP 2.1.2
2023-09-17 10:01:56,900 [INFO] ThirdParty:967 - CMSIS Pack Vendor :STMicroelectronics X-CUBE-SFXS2LP1 4.0.0
2023-09-17 10:01:56,901 [INFO] ThirdParty:967 - CMSIS Pack Vendor :STMicroelectronics X-CUBE-BLE2 3.3.0
2023-09-17 10:01:56,901 [INFO] ThirdParty:967 - CMSIS Pack Vendor :STMicroelectronics USB_HOST 1.0.0
2023-09-17 10:01:56,901 [INFO] ThirdParty:967 - CMSIS Pack Vendor :STMicroelectronics X-CUBE-AZRTOS-G4 2.0.0
2023-09-17 10:01:56,901 [INFO] ThirdParty:967 - CMSIS Pack Vendor :STMicroelectronics PDM2PCM 3.1.0
2023-09-17 10:01:56,901 [INFO] ThirdParty:967 - CMSIS Pack Vendor :STMicroelectronics X-CUBE-AZRTOS-H7 3.1.0
2023-09-17 10:01:56,901 [INFO] ThirdParty:967 - CMSIS Pack Vendor :STMicroelectronics PDM2PCM 3.2.0
2023-09-17 10:01:56,901 [INFO] ThirdParty:967 - CMSIS Pack Vendor :STMicroelectronics PDM2PCM 3.3.0
2023-09-17 10:01:56,901 [INFO] ThirdParty:787 - exiting critical section [change project]
2023-09-17 10:01:57,092 [INFO] PinOutPanel:1463 - setPackage(No Configuration,No Configuration)
2023-09-17 10:01:57,094 [INFO] PinOutPanel:1463 - setPackage(STM32F103C6Ux,UFQFPN48)
2023-09-17 10:01:57,465 [INFO] UtilMem:74 - Before build in PCC Used Memory: 750306304 Bytes (909115392)
2023-09-17 10:01:58,055 [INFO] UtilMem:74 - After build in PCC Used Memory: 747378776 Bytes (909115392)
2023-09-17 10:01:58,078 [INFO] IPUIPlugin:74 - create IPUIPlugin
2023-09-17 10:01:58,079 [INFO] IPUIPlugin:74 - create IPUIPlugin
2023-09-17 10:01:58,079 [INFO] IPUIPlugin:74 - create IPUIPlugin
2023-09-17 10:01:58,079 [INFO] IPUIPlugin:74 - create IPUIPlugin
2023-09-17 10:01:58,079 [INFO] IPUIPlugin:74 - create IPUIPlugin
2023-09-17 10:01:58,079 [INFO] IPUIPlugin:74 - create IPUIPlugin
2023-09-17 10:01:58,079 [INFO] IPUIPlugin:74 - create IPUIPlugin
2023-09-17 10:01:58,080 [INFO] IPUIPlugin:74 - create IPUIPlugin
2023-09-17 10:01:58,080 [INFO] IPUIPlugin:74 - create IPUIPlugin
2023-09-17 10:01:58,080 [INFO] IPUIPlugin:74 - create IPUIPlugin
2023-09-17 10:01:58,080 [INFO] IPUIPlugin:74 - create IPUIPlugin
2023-09-17 10:01:58,081 [INFO] IPUIPlugin:74 - create IPUIPlugin
2023-09-17 10:01:58,081 [INFO] IPUIPlugin:74 - create IPUIPlugin
2023-09-17 10:01:58,081 [INFO] IPUIPlugin:74 - create IPUIPlugin
2023-09-17 10:01:58,082 [INFO] IPUIPlugin:74 - create IPUIPlugin
2023-09-17 10:01:58,082 [INFO] IPUIPlugin:74 - create IPUIPlugin
2023-09-17 10:01:58,082 [INFO] IPUIPlugin:74 - create IPUIPlugin
2023-09-17 10:01:58,083 [INFO] IPUIPlugin:74 - create IPUIPlugin
2023-09-17 10:01:58,083 [INFO] IPUIPlugin:74 - create IPUIPlugin
2023-09-17 10:01:58,083 [INFO] IPUIPlugin:74 - create IPUIPlugin
2023-09-17 10:01:58,083 [INFO] IPUIPlugin:74 - create IPUIPlugin
2023-09-17 10:01:58,084 [INFO] IPUIPlugin:74 - create IPUIPlugin
2023-09-17 10:01:58,084 [INFO] IPUIPlugin:74 - create IPUIPlugin
2023-09-17 10:01:58,230 [INFO] OpenFileManager:333 - Restore cursor
2023-09-17 10:01:58,467 [INFO] UtilMem:74 - End SaveConfig() Used Memory: 752995376 Bytes (909115392)
2023-09-17 10:01:58,508 [INFO] UtilMem:74 - End SaveConfig() Used Memory: 773442600 Bytes (909115392)
2023-09-17 10:01:58,763 [INFO] BlockDiagram:2740 - set Specific Code input for plugin: NVIC
2023-09-17 10:01:58,763 [INFO] BlockDiagram:2740 - set Specific Code input for plugin: SYS
2023-09-17 10:01:58,763 [INFO] BlockDiagram:2740 - set Specific Code input for plugin: RCC
2023-09-17 10:01:58,765 [INFO] CodeGenerator:663 - code generatio: config db path: C:\ST\STM32CubeIDE_1.7.0\STM32CubeIDE\plugins\com.st.stm32cube.common.mx_6.3.0.202107141111\\db\
2023-09-17 10:01:59,035 [INFO] CodeEngine:239 - oldGeneratedFile, C:\Users\Heathcliff\OneDrive\Desktop\Lab1_VXL_2113162\Lab1_Ex3\MXTmpFiles\license.tmp_save
2023-09-17 10:01:59,294 [INFO] CodeEngine:257 - Generated code: C:\Users\Heathcliff\OneDrive\Desktop\Lab1_VXL_2113162\Lab1_Ex3\MXTmpFiles\license.tmp
2023-09-17 10:01:59,393 [INFO] CodeEngine:239 - oldGeneratedFile, C:\Users\Heathcliff\OneDrive\Desktop\Lab1_VXL_2113162\Lab1_Ex3\Core\Src\stm32f1xx_it.c_save
2023-09-17 10:01:59,503 [INFO] CodeEngine:257 - Generated code: C:\Users\Heathcliff\OneDrive\Desktop\Lab1_VXL_2113162\Lab1_Ex3\Core\Src\stm32f1xx_it.c
2023-09-17 10:01:59,513 [INFO] CodeEngine:239 - oldGeneratedFile, C:\Users\Heathcliff\OneDrive\Desktop\Lab1_VXL_2113162\Lab1_Ex3\Core\Inc\stm32f1xx_it.h_save
2023-09-17 10:01:59,582 [INFO] CodeEngine:257 - Generated code: C:\Users\Heathcliff\OneDrive\Desktop\Lab1_VXL_2113162\Lab1_Ex3\Core\Inc\stm32f1xx_it.h
2023-09-17 10:01:59,599 [INFO] CodeEngine:239 - oldGeneratedFile, C:\Users\Heathcliff\OneDrive\Desktop\Lab1_VXL_2113162\Lab1_Ex3\Core\Src\stm32f1xx_hal_msp.c_save
2023-09-17 10:01:59,717 [INFO] CodeEngine:257 - Generated code: C:\Users\Heathcliff\OneDrive\Desktop\Lab1_VXL_2113162\Lab1_Ex3\Core\Src\stm32f1xx_hal_msp.c
2023-09-17 10:01:59,726 [INFO] CodeEngine:239 - oldGeneratedFile, C:\Users\Heathcliff\OneDrive\Desktop\Lab1_VXL_2113162\Lab1_Ex3\MXTmpFiles\system.tmp_save
2023-09-17 10:01:59,776 [INFO] CodeEngine:257 - Generated code: C:\Users\Heathcliff\OneDrive\Desktop\Lab1_VXL_2113162\Lab1_Ex3\MXTmpFiles\system.tmp
2023-09-17 10:01:59,792 [INFO] CodeEngine:239 - oldGeneratedFile, C:\Users\Heathcliff\OneDrive\Desktop\Lab1_VXL_2113162\Lab1_Ex3\Core\Inc\stm32f1xx_hal_conf.h_save
2023-09-17 10:01:59,874 [INFO] CodeEngine:257 - Generated code: C:\Users\Heathcliff\OneDrive\Desktop\Lab1_VXL_2113162\Lab1_Ex3\Core\Inc\stm32f1xx_hal_conf.h
2023-09-17 10:01:59,918 [INFO] CodeEngine:239 - oldGeneratedFile, C:\Users\Heathcliff\OneDrive\Desktop\Lab1_VXL_2113162\Lab1_Ex3\Core\Inc\main.h_save
2023-09-17 10:01:59,996 [INFO] CodeEngine:257 - Generated code: C:\Users\Heathcliff\OneDrive\Desktop\Lab1_VXL_2113162\Lab1_Ex3\Core\Inc\main.h
2023-09-17 10:02:00,006 [INFO] CodeEngine:239 - oldGeneratedFile, C:\Users\Heathcliff\OneDrive\Desktop\Lab1_VXL_2113162\Lab1_Ex3\Core\Src\main.c_save
2023-09-17 10:02:00,101 [INFO] CodeEngine:257 - Generated code: C:\Users\Heathcliff\OneDrive\Desktop\Lab1_VXL_2113162\Lab1_Ex3\Core\Src\main.c
2023-09-17 10:02:00,796 [INFO] ProjectBuilder:2578 - Time for Copy HAL[1] : 75mS.
2023-09-17 10:02:00,801 [INFO] ProjectBuilder:3622 - Project Generator version: 3.14.1
2023-09-17 10:02:01,154 [INFO] ConfigFileManager:1271 - The Die is : DIE412
2023-09-17 10:02:01,171 [INFO] ApiDbMcu:468 - Load IP Config File for FATFS
2023-09-17 10:02:01,204 [INFO] ApiDbMcu:468 - Load IP Config File for FREERTOS
2023-09-17 10:02:01,228 [INFO] ApiDbMcu:468 - Load IP Config File for USB_DEVICE
2023-09-17 10:02:05,452 [INFO] ProjectBuilder:3789 - Time for Generating toolchain IDE Files: 4651mS.
2023-09-17 10:02:05,453 [INFO] ProjectBuilder:2457 - Time for Copy CMSIS : 1mS.
2023-09-17 10:02:05,455 [INFO] ProjectBuilder:2457 - Time for Copy CMSIS : 0mS.
2023-09-17 10:02:06,513 [INFO] McuFinderGlobals:52 - Set McuFinderConnectedMode to true
2023-09-17 10:02:06,516 [INFO] ApiDb:276 - Save user favorites file C:\Users\Heathcliff/.stm32cubeide/favorites.mcus.txt: 0 item(s)
2023-09-17 10:02:06,516 [INFO] ApiDb:280 - User favorites MCUs=[]
2023-09-17 10:04:13,700 [INFO] UtilMem:74 - End SaveConfig() Used Memory: 852089736 Bytes (1073741824)
2023-09-17 10:04:15,190 [INFO] UtilMem:74 - End SaveConfig() Used Memory: 884881864 Bytes (1073741824)
2023-09-17 10:04:17,472 [INFO] UtilMem:74 - End SaveConfig() Used Memory: 776740584 Bytes (1073741824)
2023-09-17 10:04:17,733 [INFO] BlockDiagram:2740 - set Specific Code input for plugin: NVIC
2023-09-17 10:04:17,733 [INFO] BlockDiagram:2740 - set Specific Code input for plugin: SYS
2023-09-17 10:04:17,733 [INFO] BlockDiagram:2740 - set Specific Code input for plugin: GPIO
2023-09-17 10:04:17,733 [INFO] BlockDiagram:2740 - set Specific Code input for plugin: RCC
2023-09-17 10:04:17,734 [INFO] CodeGenerator:663 - code generatio: config db path: C:\ST\STM32CubeIDE_1.7.0\STM32CubeIDE\plugins\com.st.stm32cube.common.mx_6.3.0.202107141111\\db\
2023-09-17 10:04:17,935 [INFO] CodeEngine:239 - oldGeneratedFile, C:\Users\Heathcliff\OneDrive\Desktop\Lab1_VXL_2113162\Lab1_Ex3\MXTmpFiles\license.tmp_save
2023-09-17 10:04:17,986 [INFO] CodeEngine:257 - Generated code: C:\Users\Heathcliff\OneDrive\Desktop\Lab1_VXL_2113162\Lab1_Ex3\MXTmpFiles\license.tmp
2023-09-17 10:04:18,030 [INFO] CodeEngine:239 - oldGeneratedFile, C:\Users\Heathcliff\OneDrive\Desktop\Lab1_VXL_2113162\Lab1_Ex3\MXTmpFiles\gpio.tmp_save
2023-09-17 10:04:18,083 [INFO] CodeEngine:257 - Generated code: C:\Users\Heathcliff\OneDrive\Desktop\Lab1_VXL_2113162\Lab1_Ex3\MXTmpFiles\gpio.tmp
2023-09-17 10:04:18,106 [INFO] CodeEngine:239 - oldGeneratedFile, C:\Users\Heathcliff\OneDrive\Desktop\Lab1_VXL_2113162\Lab1_Ex3\Core\Src\stm32f1xx_it.c_save
2023-09-17 10:04:18,174 [INFO] CodeEngine:257 - Generated code: C:\Users\Heathcliff\OneDrive\Desktop\Lab1_VXL_2113162\Lab1_Ex3\Core\Src\stm32f1xx_it.c
2023-09-17 10:04:18,184 [INFO] CodeEngine:239 - oldGeneratedFile, C:\Users\Heathcliff\OneDrive\Desktop\Lab1_VXL_2113162\Lab1_Ex3\Core\Inc\stm32f1xx_it.h_save
2023-09-17 10:04:18,228 [INFO] CodeEngine:257 - Generated code: C:\Users\Heathcliff\OneDrive\Desktop\Lab1_VXL_2113162\Lab1_Ex3\Core\Inc\stm32f1xx_it.h
2023-09-17 10:04:18,242 [INFO] CodeEngine:239 - oldGeneratedFile, C:\Users\Heathcliff\OneDrive\Desktop\Lab1_VXL_2113162\Lab1_Ex3\Core\Src\stm32f1xx_hal_msp.c_save
2023-09-17 10:04:18,340 [INFO] CodeEngine:257 - Generated code: C:\Users\Heathcliff\OneDrive\Desktop\Lab1_VXL_2113162\Lab1_Ex3\Core\Src\stm32f1xx_hal_msp.c
2023-09-17 10:04:18,343 [INFO] CodeEngine:239 - oldGeneratedFile, C:\Users\Heathcliff\OneDrive\Desktop\Lab1_VXL_2113162\Lab1_Ex3\MXTmpFiles\system.tmp_save
2023-09-17 10:04:18,385 [INFO] CodeEngine:257 - Generated code: C:\Users\Heathcliff\OneDrive\Desktop\Lab1_VXL_2113162\Lab1_Ex3\MXTmpFiles\system.tmp
2023-09-17 10:04:18,400 [INFO] CodeEngine:239 - oldGeneratedFile, C:\Users\Heathcliff\OneDrive\Desktop\Lab1_VXL_2113162\Lab1_Ex3\Core\Inc\stm32f1xx_hal_conf.h_save
2023-09-17 10:04:18,468 [INFO] CodeEngine:257 - Generated code: C:\Users\Heathcliff\OneDrive\Desktop\Lab1_VXL_2113162\Lab1_Ex3\Core\Inc\stm32f1xx_hal_conf.h
2023-09-17 10:04:18,492 [INFO] CodeEngine:239 - oldGeneratedFile, C:\Users\Heathcliff\OneDrive\Desktop\Lab1_VXL_2113162\Lab1_Ex3\Core\Inc\main.h_save
2023-09-17 10:04:18,558 [INFO] CodeEngine:257 - Generated code: C:\Users\Heathcliff\OneDrive\Desktop\Lab1_VXL_2113162\Lab1_Ex3\Core\Inc\main.h
2023-09-17 10:04:18,568 [INFO] CodeEngine:239 - oldGeneratedFile, C:\Users\Heathcliff\OneDrive\Desktop\Lab1_VXL_2113162\Lab1_Ex3\Core\Src\main.c_save
2023-09-17 10:04:18,652 [INFO] CodeEngine:257 - Generated code: C:\Users\Heathcliff\OneDrive\Desktop\Lab1_VXL_2113162\Lab1_Ex3\Core\Src\main.c
2023-09-17 10:04:19,278 [INFO] ProjectBuilder:2578 - Time for Copy HAL[1] : 68mS.
2023-09-17 10:04:19,281 [INFO] ProjectBuilder:3622 - Project Generator version: 3.14.1
2023-09-17 10:04:19,576 [INFO] ConfigFileManager:1271 - The Die is : DIE412
2023-09-17 10:04:20,991 [INFO] ProjectBuilder:3789 - Time for Generating toolchain IDE Files: 1710mS.
2023-09-17 10:04:20,992 [INFO] ProjectBuilder:2457 - Time for Copy CMSIS : 0mS.
2023-09-17 10:04:20,994 [INFO] ProjectBuilder:2457 - Time for Copy CMSIS : 0mS.
